0 info it worked if it ends with ok
1 verbose cli [ '/usr/bin/node', '/usr/bin/npm', 'i', '--save', 'libxml' ]
2 info using npm@3.5.2
3 info using node@v8.10.0
4 silly loadCurrentTree Starting
5 silly install loadCurrentTree
6 silly install readLocalPackageData
7 silly fetchPackageMetaData libxml
8 silly fetchNamedPackageData libxml
9 silly mapToRegistry name libxml
10 silly mapToRegistry using default registry
11 silly mapToRegistry registry https://registry.npmjs.org/
12 silly mapToRegistry uri https://registry.npmjs.org/libxml
13 verbose request uri https://registry.npmjs.org/libxml
14 verbose request no auth needed
15 info attempt registry request try #1 at 17:36:16
16 verbose request id 7c6e37184b97c7e7
17 http request GET https://registry.npmjs.org/libxml
18 http 200 https://registry.npmjs.org/libxml
19 verbose headers { date: 'Sat, 21 Jul 2018 15:36:18 GMT',
19 verbose headers   'content-type': 'application/json; charset=UTF-8',
19 verbose headers   'transfer-encoding': 'chunked',
19 verbose headers   connection: 'keep-alive',
19 verbose headers   'set-cookie':
19 verbose headers    [ '__cfduid=dc2cea6b7fd3dfad3f1bb1edac0a1601b1532187377; expires=Sun, 21-Jul-19 15:36:17 GMT; path=/; domain=.registry.npmjs.org; HttpOnly' ],
19 verbose headers   'cache-control': 'max-age=300',
19 verbose headers   'cf-cache-status': 'MISS',
19 verbose headers   'cf-ray': '43debe036e7654aa-MAD',
19 verbose headers   etag: 'W/"90608ca5f9d5d182651e7f4a453bedf0"',
19 verbose headers   'expect-ct': 'max-age=604800, report-uri="https://report-uri.cloudflare.com/cdn-cgi/beacon/expect-ct"',
19 verbose headers   'last-modified': 'Sun, 27 May 2018 06:43:38 GMT',
19 verbose headers   vary: 'accept-encoding, accept',
19 verbose headers   server: 'cloudflare',
19 verbose headers   'content-encoding': 'gzip' }
20 silly get cb [ 200,
20 silly get   { date: 'Sat, 21 Jul 2018 15:36:18 GMT',
20 silly get     'content-type': 'application/json; charset=UTF-8',
20 silly get     'transfer-encoding': 'chunked',
20 silly get     connection: 'keep-alive',
20 silly get     'set-cookie':
20 silly get      [ '__cfduid=dc2cea6b7fd3dfad3f1bb1edac0a1601b1532187377; expires=Sun, 21-Jul-19 15:36:17 GMT; path=/; domain=.registry.npmjs.org; HttpOnly' ],
20 silly get     'cache-control': 'max-age=300',
20 silly get     'cf-cache-status': 'MISS',
20 silly get     'cf-ray': '43debe036e7654aa-MAD',
20 silly get     etag: 'W/"90608ca5f9d5d182651e7f4a453bedf0"',
20 silly get     'expect-ct': 'max-age=604800, report-uri="https://report-uri.cloudflare.com/cdn-cgi/beacon/expect-ct"',
20 silly get     'last-modified': 'Sun, 27 May 2018 06:43:38 GMT',
20 silly get     vary: 'accept-encoding, accept',
20 silly get     server: 'cloudflare',
20 silly get     'content-encoding': 'gzip' } ]
21 verbose get saving libxml to /home/aberlanas/.npm/registry.npmjs.org/libxml/.cache.json
22 silly install normalizeTree
23 silly loadCurrentTree Finishing
24 silly loadIdealTree Starting
25 silly install loadIdealTree
26 silly cloneCurrentTree Starting
27 silly install cloneCurrentTreeToIdealTree
28 silly cloneCurrentTree Finishing
29 silly loadShrinkwrap Starting
30 silly install loadShrinkwrap
31 silly loadShrinkwrap Finishing
32 silly loadAllDepsIntoIdealTree Starting
33 silly install loadAllDepsIntoIdealTree
34 silly resolveWithNewModule libxml@0.0.7 checking installable status
35 silly cache add args [ 'libxml', null ]
36 verbose cache add spec libxml
37 silly cache add parsed spec Result {
37 silly cache add   raw: 'libxml',
37 silly cache add   scope: null,
37 silly cache add   name: 'libxml',
37 silly cache add   rawSpec: '',
37 silly cache add   spec: 'latest',
37 silly cache add   type: 'tag' }
38 silly addNamed libxml@latest
39 verbose addNamed "latest" is being treated as a dist-tag for libxml
40 info addNameTag [ 'libxml', 'latest' ]
41 silly mapToRegistry name libxml
42 silly mapToRegistry using default registry
43 silly mapToRegistry registry https://registry.npmjs.org/
44 silly mapToRegistry uri https://registry.npmjs.org/libxml
45 verbose addNameTag registry:https://registry.npmjs.org/libxml not in flight; fetching
46 verbose get https://registry.npmjs.org/libxml not expired, no request
47 silly addNameTag next cb for libxml with tag latest
48 silly addNamed libxml@0.0.7
49 verbose addNamed "0.0.7" is a plain semver version for libxml
50 silly mapToRegistry name libxml
51 silly mapToRegistry using default registry
52 silly mapToRegistry registry https://registry.npmjs.org/
53 silly mapToRegistry uri https://registry.npmjs.org/libxml
54 verbose addRemoteTarball https://registry.npmjs.org/libxml/-/libxml-0.0.7.tgz not in flight; adding
55 verbose addRemoteTarball [ 'https://registry.npmjs.org/libxml/-/libxml-0.0.7.tgz',
55 verbose addRemoteTarball   '5a8d8595cbc64e48e5b78821f7e094657035c111' ]
56 info retry fetch attempt 1 at 17:36:18
57 info attempt registry request try #1 at 17:36:18
58 http fetch GET https://registry.npmjs.org/libxml/-/libxml-0.0.7.tgz
59 http fetch 200 https://registry.npmjs.org/libxml/-/libxml-0.0.7.tgz
60 silly fetchAndShaCheck shasum 5a8d8595cbc64e48e5b78821f7e094657035c111
61 verbose addTmpTarball /tmp/npm-4520-1bc57348/registry.npmjs.org/libxml/-/libxml-0.0.7.tgz not in flight; adding
62 verbose addTmpTarball already have metadata; skipping unpack for libxml@0.0.7
63 silly cache afterAdd libxml@0.0.7
64 verbose afterAdd /home/aberlanas/.npm/libxml/0.0.7/package/package.json not in flight; writing
65 verbose afterAdd /home/aberlanas/.npm/libxml/0.0.7/package/package.json written
66 silly loadAllDepsIntoIdealTree Finishing
67 silly idealTree:prePrune engine-users@1.0.0
67 silly idealTree:prePrune ├── commander@2.16.0
67 silly idealTree:prePrune └── libxml@0.0.7
68 silly loadIdealTree Finishing
69 silly currentTree engine-users@1.0.0
69 silly currentTree └── commander@2.16.0
70 silly idealTree engine-users@1.0.0
70 silly idealTree ├── commander@2.16.0
70 silly idealTree └── libxml@0.0.7
71 silly generateActionsToTake Starting
72 silly install generateActionsToTake
73 silly generateActionsToTake Finishing
74 silly diffTrees action count 1
75 silly diffTrees add libxml@0.0.7
76 silly decomposeActions action count 8
77 silly decomposeActions fetch libxml@0.0.7
78 silly decomposeActions extract libxml@0.0.7
79 silly decomposeActions test libxml@0.0.7
80 silly decomposeActions preinstall libxml@0.0.7
81 silly decomposeActions build libxml@0.0.7
82 silly decomposeActions install libxml@0.0.7
83 silly decomposeActions postinstall libxml@0.0.7
84 silly decomposeActions finalize libxml@0.0.7
85 silly executeActions Starting
86 silly install executeActions
87 silly doSerial global-install 0
88 silly doParallel fetch 1
89 verbose lock using /home/aberlanas/.npm/_locks/staging-46541414e0caa76e.lock for /home/aberlanas/GitHub/senia-cdd-bionic/node-users-engine/node_modules/.staging
90 silly doParallel extract 1
91 silly extract libxml@0.0.7
92 verbose unbuild node_modules/.staging/libxml-2eb8ca10
93 silly gentlyRm /home/aberlanas/GitHub/senia-cdd-bionic/node-users-engine/node_modules/.staging/libxml-2eb8ca10 is being purged from base /home/aberlanas/GitHub/senia-cdd-bionic/node-users-engine
94 verbose gentlyRm don't care about contents; nuking /home/aberlanas/GitHub/senia-cdd-bionic/node-users-engine/node_modules/.staging/libxml-2eb8ca10
95 verbose tar unpack /home/aberlanas/.npm/libxml/0.0.7/package.tgz
96 verbose tar unpacking to /home/aberlanas/GitHub/senia-cdd-bionic/node-users-engine/node_modules/.staging/libxml-2eb8ca10
97 silly gentlyRm /home/aberlanas/GitHub/senia-cdd-bionic/node-users-engine/node_modules/.staging/libxml-2eb8ca10 is being purged
98 verbose gentlyRm don't care about contents; nuking /home/aberlanas/GitHub/senia-cdd-bionic/node-users-engine/node_modules/.staging/libxml-2eb8ca10
99 silly gunzTarPerm modes [ '775', '664' ]
100 silly gunzTarPerm extractEntry package.json
101 silly gunzTarPerm modified mode [ 'package.json', 420, 436 ]
102 silly gunzTarPerm extractEntry .npmignore
103 silly gunzTarPerm modified mode [ '.npmignore', 420, 436 ]
104 silly gunzTarPerm extractEntry README.md
105 silly gunzTarPerm modified mode [ 'README.md', 420, 436 ]
106 silly gunzTarPerm extractEntry test.js
107 silly gunzTarPerm modified mode [ 'test.js', 420, 436 ]
108 silly gunzTarPerm extractEntry build.sh
109 silly gunzTarPerm modified mode [ 'build.sh', 493, 509 ]
110 silly gunzTarPerm extractEntry support/o3/package.json
111 silly gunzTarPerm modified mode [ 'support/o3/package.json', 420, 436 ]
112 silly gunzTarPerm extractEntry support/o3/.npmignore
113 silly gunzTarPerm modified mode [ 'support/o3/.npmignore', 420, 436 ]
114 silly gunzTarPerm extractEntry support/o3/README
115 silly gunzTarPerm modified mode [ 'support/o3/README', 420, 436 ]
116 silly gunzTarPerm extractEntry support/o3/COPYING
117 silly gunzTarPerm modified mode [ 'support/o3/COPYING', 420, 436 ]
118 silly gunzTarPerm extractEntry support/o3/include/tScrVec_scr.h
119 silly gunzTarPerm modified mode [ 'support/o3/include/tScrVec_scr.h', 420, 436 ]
120 silly gunzTarPerm extractEntry support/o3/include/types.h
121 silly gunzTarPerm modified mode [ 'support/o3/include/types.h', 420, 436 ]
122 silly gunzTarPerm extractEntry support/o3/include/tools.h
123 silly gunzTarPerm modified mode [ 'support/o3/include/tools.h', 420, 436 ]
124 silly gunzTarPerm extractEntry support/o3/include/tMap.h
125 silly gunzTarPerm modified mode [ 'support/o3/include/tMap.h', 420, 436 ]
126 silly gunzTarPerm extractEntry support/o3/include/tools_glue_idispatch.h
127 silly gunzTarPerm modified mode [ 'support/o3/include/tools_glue_idispatch.h', 420, 436 ]
128 silly gunzTarPerm extractEntry support/o3/include/app_data.h.template
129 silly gunzTarPerm modified mode [ 'support/o3/include/app_data.h.template', 493, 509 ]
130 silly gunzTarPerm extractEntry support/o3/include/tools_atomic_apple.h
131 silly gunzTarPerm modified mode [ 'support/o3/include/tools_atomic_apple.h', 420, 436 ]
132 silly gunzTarPerm extractEntry support/o3/include/cSys_posix.h
133 silly gunzTarPerm modified mode [ 'support/o3/include/cSys_posix.h', 493, 509 ]
134 silly gunzTarPerm extractEntry support/o3/include/cMgr.h
135 silly gunzTarPerm modified mode [ 'support/o3/include/cMgr.h', 493, 509 ]
136 silly gunzTarPerm extractEntry support/o3/include/guid.h
137 silly gunzTarPerm modified mode [ 'support/o3/include/guid.h', 420, 436 ]
138 silly gunzTarPerm extractEntry support/o3/include/guid.h.template
139 silly gunzTarPerm modified mode [ 'support/o3/include/guid.h.template', 420, 436 ]
140 silly gunzTarPerm extractEntry support/o3/include/tools_atomic_win32.h
141 silly gunzTarPerm modified mode [ 'support/o3/include/tools_atomic_win32.h', 420, 436 ]
142 silly gunzTarPerm extractEntry support/o3/include/cUnk.h
143 silly gunzTarPerm modified mode [ 'support/o3/include/cUnk.h', 420, 436 ]
144 silly gunzTarPerm extractEntry support/o3/include/debug.h
145 silly gunzTarPerm modified mode [ 'support/o3/include/debug.h', 420, 436 ]
146 silly gunzTarPerm extractEntry support/o3/include/iScr.h
147 silly gunzTarPerm modified mode [ 'support/o3/include/iScr.h', 420, 436 ]
148 silly gunzTarPerm extractEntry support/o3/include/tList.h
149 silly gunzTarPerm modified mode [ 'support/o3/include/tList.h', 420, 436 ]
150 silly gunzTarPerm extractEntry support/o3/include/cStreamBase.h
151 silly gunzTarPerm modified mode [ 'support/o3/include/cStreamBase.h', 420, 436 ]
152 silly gunzTarPerm extractEntry support/o3/include/iMgr.h
153 silly gunzTarPerm modified mode [ 'support/o3/include/iMgr.h', 420, 436 ]
154 silly gunzTarPerm extractEntry support/o3/include/cSys_win32.h
155 silly gunzTarPerm modified mode [ 'support/o3/include/cSys_win32.h', 420, 436 ]
156 silly gunzTarPerm extractEntry support/o3/include/tools_win32.h
157 silly gunzTarPerm modified mode [ 'support/o3/include/tools_win32.h', 420, 436 ]
158 silly gunzTarPerm extractEntry support/o3/include/types_win32.h
159 silly gunzTarPerm modified mode [ 'support/o3/include/types_win32.h', 420, 436 ]
160 silly gunzTarPerm extractEntry support/o3/include/Buf.h
161 silly gunzTarPerm modified mode [ 'support/o3/include/Buf.h', 420, 436 ]
162 silly gunzTarPerm extractEntry support/o3/include/tools_mem.h
163 silly gunzTarPerm modified mode [ 'support/o3/include/tools_mem.h', 420, 436 ]
164 silly gunzTarPerm extractEntry support/o3/include/tools_zip.h
165 silly gunzTarPerm modified mode [ 'support/o3/include/tools_zip.h', 420, 436 ]
166 silly gunzTarPerm extractEntry support/o3/include/iBuf.h
167 silly gunzTarPerm modified mode [ 'support/o3/include/iBuf.h', 420, 436 ]
168 silly gunzTarPerm extractEntry support/o3/include/iSys.h
169 silly gunzTarPerm modified mode [ 'support/o3/include/iSys.h', 420, 436 ]
170 silly gunzTarPerm extractEntry support/o3/include/cScr.h
171 silly gunzTarPerm modified mode [ 'support/o3/include/cScr.h', 420, 436 ]
172 silly gunzTarPerm extractEntry support/o3/include/iFs.h
173 silly gunzTarPerm modified mode [ 'support/o3/include/iFs.h', 420, 436 ]
174 silly gunzTarPerm extractEntry support/o3/include/cStream_posix.h
175 silly gunzTarPerm modified mode [ 'support/o3/include/cStream_posix.h', 420, 436 ]
176 silly gunzTarPerm extractEntry support/o3/include/iImage.h
177 silly gunzTarPerm modified mode [ 'support/o3/include/iImage.h', 420, 436 ]
178 silly gunzTarPerm extractEntry support/o3/include/cO3.h
179 silly gunzTarPerm modified mode [ 'support/o3/include/cO3.h', 420, 436 ]
180 silly gunzTarPerm extractEntry support/o3/include/tStr.h
181 silly gunzTarPerm modified mode [ 'support/o3/include/tStr.h', 420, 436 ]
182 silly gunzTarPerm extractEntry support/o3/include/cStream_win32.h
183 silly gunzTarPerm modified mode [ 'support/o3/include/cStream_win32.h', 420, 436 ]
184 silly gunzTarPerm extractEntry support/o3/include/config.h
185 silly gunzTarPerm modified mode [ 'support/o3/include/config.h', 420, 436 ]
186 silly gunzTarPerm extractEntry support/o3/include/tools_axhost.h
187 silly gunzTarPerm modified mode [ 'support/o3/include/tools_axhost.h', 420, 436 ]
188 silly gunzTarPerm extractEntry support/o3/include/tools_chr.h
189 silly gunzTarPerm modified mode [ 'support/o3/include/tools_chr.h', 420, 436 ]
190 silly gunzTarPerm extractEntry support/o3/include/tools_str.h
191 silly gunzTarPerm modified mode [ 'support/o3/include/tools_str.h', 420, 436 ]
192 silly gunzTarPerm extractEntry support/o3/include/tools_math.h
193 silly gunzTarPerm modified mode [ 'support/o3/include/tools_math.h', 420, 436 ]
194 silly gunzTarPerm extractEntry support/o3/include/types_posix.h
195 silly gunzTarPerm modified mode [ 'support/o3/include/types_posix.h', 420, 436 ]
196 silly gunzTarPerm extractEntry support/o3/include/cScrBuf.h
197 silly gunzTarPerm modified mode [ 'support/o3/include/cScrBuf.h', 420, 436 ]
198 silly gunzTarPerm extractEntry support/o3/include/tVec.h
199 silly gunzTarPerm modified mode [ 'support/o3/include/tVec.h', 420, 436 ]
200 silly gunzTarPerm extractEntry support/o3/include/o3.h
201 silly gunzTarPerm modified mode [ 'support/o3/include/o3.h', 420, 436 ]
202 silly gunzTarPerm extractEntry support/o3/include/iAlloc.h
203 silly gunzTarPerm modified mode [ 'support/o3/include/iAlloc.h', 420, 436 ]
204 silly gunzTarPerm extractEntry support/o3/include/iUnk.h
205 silly gunzTarPerm modified mode [ 'support/o3/include/iUnk.h', 420, 436 ]
206 silly gunzTarPerm extractEntry support/o3/include/iStream.h
207 silly gunzTarPerm modified mode [ 'support/o3/include/iStream.h', 420, 436 ]
208 silly gunzTarPerm extractEntry support/o3/include/tools_atomic_linux.h
209 silly gunzTarPerm modified mode [ 'support/o3/include/tools_atomic_linux.h', 420, 436 ]
210 silly gunzTarPerm extractEntry support/o3/include/cCtx.h
211 silly gunzTarPerm modified mode [ 'support/o3/include/cCtx.h', 420, 436 ]
212 silly gunzTarPerm extractEntry support/o3/include/cSysBase.h
213 silly gunzTarPerm modified mode [ 'support/o3/include/cSysBase.h', 420, 436 ]
214 silly gunzTarPerm extractEntry support/o3/include/crypto.h
215 silly gunzTarPerm modified mode [ 'support/o3/include/crypto.h', 420, 436 ]
216 silly gunzTarPerm extractEntry support/o3/include/iHttp.h
217 silly gunzTarPerm modified mode [ 'support/o3/include/iHttp.h', 420, 436 ]
218 silly gunzTarPerm extractEntry support/o3/include/app_data.h
219 silly gunzTarPerm modified mode [ 'support/o3/include/app_data.h', 493, 509 ]
220 silly gunzTarPerm extractEntry support/o3/include/pub_key.h
221 silly gunzTarPerm modified mode [ 'support/o3/include/pub_key.h', 420, 436 ]
222 silly gunzTarPerm extractEntry support/o3/include/tScrVec.h
223 silly gunzTarPerm modified mode [ 'support/o3/include/tScrVec.h', 420, 436 ]
224 silly gunzTarPerm extractEntry support/o3/include/cBufStream.h
225 silly gunzTarPerm modified mode [ 'support/o3/include/cBufStream.h', 420, 436 ]
226 silly gunzTarPerm extractEntry support/o3/include/tools_atomic.h
227 silly gunzTarPerm modified mode [ 'support/o3/include/tools_atomic.h', 420, 436 ]
228 silly gunzTarPerm extractEntry support/o3/include/cStream.h
229 silly gunzTarPerm modified mode [ 'support/o3/include/cStream.h', 420, 436 ]
230 silly gunzTarPerm extractEntry support/o3/include/cSys.h
231 silly gunzTarPerm modified mode [ 'support/o3/include/cSys.h', 420, 436 ]
232 silly gunzTarPerm extractEntry support/o3/include/iCtx.h
233 silly gunzTarPerm modified mode [ 'support/o3/include/iCtx.h', 420, 436 ]
234 silly gunzTarPerm extractEntry support/o3/include/Var.h
235 silly gunzTarPerm modified mode [ 'support/o3/include/Var.h', 420, 436 ]
236 silly gunzTarPerm extractEntry support/o3/NOTICE
237 silly gunzTarPerm modified mode [ 'support/o3/NOTICE', 420, 436 ]
238 silly gunzTarPerm extractEntry support/o3/wscript
239 silly gunzTarPerm modified mode [ 'support/o3/wscript', 420, 436 ]
240 silly gunzTarPerm extractEntry support/o3/deps/event.h
241 silly gunzTarPerm modified mode [ 'support/o3/deps/event.h', 420, 436 ]
242 silly gunzTarPerm extractEntry support/o3/deps/lib_glee.h
243 silly gunzTarPerm modified mode [ 'support/o3/deps/lib_glee.h', 420, 436 ]
244 silly gunzTarPerm extractEntry support/o3/deps/libpng/README
245 silly gunzTarPerm modified mode [ 'support/o3/deps/libpng/README', 420, 436 ]
246 silly gunzTarPerm extractEntry support/o3/deps/libpng/LICENSE
247 silly gunzTarPerm modified mode [ 'support/o3/deps/libpng/LICENSE', 420, 436 ]
248 silly gunzTarPerm extractEntry support/o3/deps/libpng/pngtrans.c
249 silly gunzTarPerm modified mode [ 'support/o3/deps/libpng/pngtrans.c', 420, 436 ]
250 silly gunzTarPerm extractEntry support/o3/deps/libpng/pngrtran.c
251 silly gunzTarPerm modified mode [ 'support/o3/deps/libpng/pngrtran.c', 420, 436 ]
252 silly gunzTarPerm extractEntry support/o3/deps/libpng/pngconf.h
253 silly gunzTarPerm modified mode [ 'support/o3/deps/libpng/pngconf.h', 420, 436 ]
254 silly gunzTarPerm extractEntry support/o3/deps/libpng/pngset.c
255 silly gunzTarPerm modified mode [ 'support/o3/deps/libpng/pngset.c', 420, 436 ]
256 silly gunzTarPerm extractEntry support/o3/deps/libpng/png.h
257 silly gunzTarPerm modified mode [ 'support/o3/deps/libpng/png.h', 420, 436 ]
258 silly gunzTarPerm extractEntry support/o3/deps/libpng/pngwio.c
259 silly gunzTarPerm modified mode [ 'support/o3/deps/libpng/pngwio.c', 420, 436 ]
260 silly gunzTarPerm extractEntry support/o3/deps/libpng/png.c
261 silly gunzTarPerm modified mode [ 'support/o3/deps/libpng/png.c', 420, 436 ]
262 silly gunzTarPerm extractEntry support/o3/deps/libpng/pngwrite.c
263 silly gunzTarPerm modified mode [ 'support/o3/deps/libpng/pngwrite.c', 420, 436 ]
264 silly gunzTarPerm extractEntry support/o3/deps/libpng/TODO
265 silly gunzTarPerm modified mode [ 'support/o3/deps/libpng/TODO', 420, 436 ]
266 silly gunzTarPerm extractEntry support/o3/deps/libpng/configure
267 silly gunzTarPerm modified mode [ 'support/o3/deps/libpng/configure', 420, 436 ]
268 silly gunzTarPerm extractEntry support/o3/deps/libpng/pngread.c
269 silly gunzTarPerm modified mode [ 'support/o3/deps/libpng/pngread.c', 420, 436 ]
270 silly gunzTarPerm extractEntry support/o3/deps/libpng/pngpread.c
271 silly gunzTarPerm modified mode [ 'support/o3/deps/libpng/pngpread.c', 420, 436 ]
272 silly gunzTarPerm extractEntry support/o3/deps/libpng/pngwutil.c
273 silly gunzTarPerm modified mode [ 'support/o3/deps/libpng/pngwutil.c', 420, 436 ]
274 silly gunzTarPerm extractEntry support/o3/deps/libpng/ANNOUNCE
275 silly gunzTarPerm modified mode [ 'support/o3/deps/libpng/ANNOUNCE', 420, 436 ]
276 silly gunzTarPerm extractEntry support/o3/deps/libpng/CHANGES
277 silly gunzTarPerm modified mode [ 'support/o3/deps/libpng/CHANGES', 420, 436 ]
278 silly gunzTarPerm extractEntry support/o3/deps/libpng/INSTALL
279 silly gunzTarPerm modified mode [ 'support/o3/deps/libpng/INSTALL', 420, 436 ]
280 silly gunzTarPerm extractEntry support/o3/deps/libpng/pngtest.c
281 silly gunzTarPerm modified mode [ 'support/o3/deps/libpng/pngtest.c', 420, 436 ]
282 silly gunzTarPerm extractEntry support/o3/deps/libpng/pngwtran.c
283 silly gunzTarPerm modified mode [ 'support/o3/deps/libpng/pngwtran.c', 420, 436 ]
284 silly gunzTarPerm extractEntry support/o3/deps/libpng/pngget.c
285 silly gunzTarPerm modified mode [ 'support/o3/deps/libpng/pngget.c', 420, 436 ]
286 silly gunzTarPerm extractEntry support/o3/deps/libpng/pngmem.c
287 silly gunzTarPerm modified mode [ 'support/o3/deps/libpng/pngmem.c', 420, 436 ]
288 silly gunzTarPerm extractEntry support/o3/deps/libpng/pngpriv.h
289 silly gunzTarPerm modified mode [ 'support/o3/deps/libpng/pngpriv.h', 420, 436 ]
290 silly gunzTarPerm extractEntry support/o3/deps/libpng/pngrio.c
291 silly gunzTarPerm modified mode [ 'support/o3/deps/libpng/pngrio.c', 420, 436 ]
292 silly gunzTarPerm extractEntry support/o3/deps/libpng/pngerror.c
293 silly gunzTarPerm modified mode [ 'support/o3/deps/libpng/pngerror.c', 420, 436 ]
294 silly gunzTarPerm extractEntry support/o3/deps/libpng/pngrutil.c
295 silly gunzTarPerm modified mode [ 'support/o3/deps/libpng/pngrutil.c', 420, 436 ]
296 silly gunzTarPerm extractEntry support/o3/deps/lib_png.h
297 silly gunzTarPerm modified mode [ 'support/o3/deps/lib_png.h', 420, 436 ]
298 silly gunzTarPerm extractEntry support/o3/deps/lib_freetype.h
299 silly gunzTarPerm modified mode [ 'support/o3/deps/lib_freetype.h', 420, 436 ]
300 silly gunzTarPerm extractEntry support/o3/deps/pugixml/readme.txt
301 silly gunzTarPerm modified mode [ 'support/o3/deps/pugixml/readme.txt', 420, 436 ]
302 silly gunzTarPerm extractEntry support/o3/deps/pugixml/src/pugixpath.cpp
303 silly gunzTarPerm modified mode [ 'support/o3/deps/pugixml/src/pugixpath.cpp', 420, 436 ]
304 silly gunzTarPerm extractEntry support/o3/deps/pugixml/src/pugiconfig.hpp
305 silly gunzTarPerm modified mode [ 'support/o3/deps/pugixml/src/pugiconfig.hpp', 420, 436 ]
306 silly gunzTarPerm extractEntry support/o3/deps/pugixml/src/pugixml.cpp
307 silly gunzTarPerm modified mode [ 'support/o3/deps/pugixml/src/pugixml.cpp', 420, 436 ]
308 silly gunzTarPerm extractEntry support/o3/deps/pugixml/src/pugixml.hpp
309 silly gunzTarPerm modified mode [ 'support/o3/deps/pugixml/src/pugixml.hpp', 420, 436 ]
310 silly gunzTarPerm extractEntry support/o3/deps/nptypes.h
311 silly gunzTarPerm modified mode [ 'support/o3/deps/nptypes.h', 420, 436 ]
312 silly gunzTarPerm extractEntry support/o3/deps/npfunctions.h
313 silly gunzTarPerm modified mode [ 'support/o3/deps/npfunctions.h', 420, 436 ]
314 silly gunzTarPerm extractEntry support/o3/deps/npapi.h
315 silly gunzTarPerm modified mode [ 'support/o3/deps/npapi.h', 420, 436 ]
316 silly gunzTarPerm extractEntry support/o3/deps/lib_zbar.h
317 silly gunzTarPerm modified mode [ 'support/o3/deps/lib_zbar.h', 420, 436 ]
318 silly gunzTarPerm extractEntry support/o3/deps/lib_jpeg.h
319 silly gunzTarPerm modified mode [ 'support/o3/deps/lib_jpeg.h', 420, 436 ]
320 silly gunzTarPerm extractEntry support/o3/deps/lib_agg.h
321 silly gunzTarPerm modified mode [ 'support/o3/deps/lib_agg.h', 420, 436 ]
322 silly gunzTarPerm extractEntry support/o3/deps/lib_zlib_impl.h
323 silly gunzTarPerm modified mode [ 'support/o3/deps/lib_zlib_impl.h', 420, 436 ]
324 silly gunzTarPerm extractEntry support/o3/deps/README.txt
325 silly gunzTarPerm modified mode [ 'support/o3/deps/README.txt', 420, 436 ]
326 silly gunzTarPerm extractEntry support/o3/deps/lib_pugixml.h
327 silly gunzTarPerm modified mode [ 'support/o3/deps/lib_pugixml.h', 420, 436 ]
328 silly gunzTarPerm extractEntry support/o3/deps/v8/v8.h
329 silly gunzTarPerm modified mode [ 'support/o3/deps/v8/v8.h', 420, 436 ]
330 silly gunzTarPerm extractEntry support/o3/deps/v8/v8stdint.h
331 silly gunzTarPerm modified mode [ 'support/o3/deps/v8/v8stdint.h', 420, 436 ]
332 silly gunzTarPerm extractEntry support/o3/deps/npruntime.h
333 silly gunzTarPerm modified mode [ 'support/o3/deps/npruntime.h', 420, 436 ]
334 silly gunzTarPerm extractEntry support/o3/deps/lib_zlib.h
335 silly gunzTarPerm modified mode [ 'support/o3/deps/lib_zlib.h', 420, 436 ]
336 silly gunzTarPerm extractEntry support/o3/deps/jpeg-8b/README
337 silly gunzTarPerm modified mode [ 'support/o3/deps/jpeg-8b/README', 420, 436 ]
338 silly gunzTarPerm extractEntry support/o3/deps/jpeg-8b/makewmak.vc6
339 silly gunzTarPerm modified mode [ 'support/o3/deps/jpeg-8b/makewmak.vc6', 420, 436 ]
340 silly gunzTarPerm extractEntry support/o3/deps/jpeg-8b/makefile.dj
341 silly gunzTarPerm modified mode [ 'support/o3/deps/jpeg-8b/makefile.dj', 420, 436 ]
342 silly gunzTarPerm extractEntry support/o3/deps/jpeg-8b/jconfig.manx
343 silly gunzTarPerm modified mode [ 'support/o3/deps/jpeg-8b/jconfig.manx', 420, 436 ]
344 silly gunzTarPerm extractEntry support/o3/deps/jpeg-8b/makeadsw.vc6
345 silly gunzTarPerm modified mode [ 'support/o3/deps/jpeg-8b/makeadsw.vc6', 420, 436 ]
346 silly gunzTarPerm extractEntry support/o3/deps/jpeg-8b/Makefile.in
347 silly gunzTarPerm modified mode [ 'support/o3/deps/jpeg-8b/Makefile.in', 420, 436 ]
348 silly gunzTarPerm extractEntry support/o3/deps/jpeg-8b/rdcolmap.c
349 silly gunzTarPerm modified mode [ 'support/o3/deps/jpeg-8b/rdcolmap.c', 420, 436 ]
350 silly gunzTarPerm extractEntry support/o3/deps/jpeg-8b/cdjpeg.h
351 silly gunzTarPerm modified mode [ 'support/o3/deps/jpeg-8b/cdjpeg.h', 420, 436 ]
352 silly gunzTarPerm extractEntry support/o3/deps/jpeg-8b/jpegtran.c
353 silly gunzTarPerm modified mode [ 'support/o3/deps/jpeg-8b/jpegtran.c', 420, 436 ]
354 silly gunzTarPerm extractEntry support/o3/deps/jpeg-8b/wrjpgcom.1
355 silly gunzTarPerm modified mode [ 'support/o3/deps/jpeg-8b/wrjpgcom.1', 420, 436 ]
356 silly gunzTarPerm extractEntry support/o3/deps/jpeg-8b/jdct.h
357 silly gunzTarPerm modified mode [ 'support/o3/deps/jpeg-8b/jdct.h', 420, 436 ]
358 silly gunzTarPerm extractEntry support/o3/deps/jpeg-8b/jidctint.c
359 silly gunzTarPerm modified mode [ 'support/o3/deps/jpeg-8b/jidctint.c', 420, 436 ]
360 silly gunzTarPerm extractEntry support/o3/deps/jpeg-8b/ltmain.sh
361 silly gunzTarPerm modified mode [ 'support/o3/deps/jpeg-8b/ltmain.sh', 420, 436 ]
362 silly gunzTarPerm extractEntry support/o3/deps/jpeg-8b/jdatasrc.c
363 silly gunzTarPerm modified mode [ 'support/o3/deps/jpeg-8b/jdatasrc.c', 420, 436 ]
364 silly gunzTarPerm extractEntry support/o3/deps/jpeg-8b/jconfig.vms
365 silly gunzTarPerm modified mode [ 'support/o3/deps/jpeg-8b/jconfig.vms', 420, 436 ]
366 silly gunzTarPerm extractEntry support/o3/deps/jpeg-8b/jconfig.st
367 silly gunzTarPerm modified mode [ 'support/o3/deps/jpeg-8b/jconfig.st', 420, 436 ]
368 silly gunzTarPerm extractEntry support/o3/deps/jpeg-8b/rdrle.c
369 silly gunzTarPerm modified mode [ 'support/o3/deps/jpeg-8b/rdrle.c', 420, 436 ]
370 silly gunzTarPerm extractEntry support/o3/deps/jpeg-8b/structure.txt
371 silly gunzTarPerm modified mode [ 'support/o3/deps/jpeg-8b/structure.txt', 420, 436 ]
372 silly gunzTarPerm extractEntry support/o3/deps/jpeg-8b/wizard.txt
373 silly gunzTarPerm modified mode [ 'support/o3/deps/jpeg-8b/wizard.txt', 420, 436 ]
374 silly gunzTarPerm extractEntry support/o3/deps/jpeg-8b/maketfil.v10
375 silly gunzTarPerm modified mode [ 'support/o3/deps/jpeg-8b/maketfil.v10', 420, 436 ]
376 silly gunzTarPerm extractEntry support/o3/deps/jpeg-8b/maketdep.vc6
377 silly gunzTarPerm modified mode [ 'support/o3/deps/jpeg-8b/maketdep.vc6', 420, 436 ]
378 silly gunzTarPerm extractEntry support/o3/deps/jpeg-8b/cjpeg.c
379 silly gunzTarPerm modified mode [ 'support/o3/deps/jpeg-8b/cjpeg.c', 420, 436 ]
380 silly gunzTarPerm extractEntry support/o3/deps/jpeg-8b/jcprepct.c
381 silly gunzTarPerm modified mode [ 'support/o3/deps/jpeg-8b/jcprepct.c', 420, 436 ]
382 silly gunzTarPerm extractEntry support/o3/deps/jpeg-8b/makewfil.v10
383 silly gunzTarPerm modified mode [ 'support/o3/deps/jpeg-8b/makewfil.v10', 420, 436 ]
384 silly gunzTarPerm extractEntry support/o3/deps/jpeg-8b/jdsample.c
385 silly gunzTarPerm modified mode [ 'support/o3/deps/jpeg-8b/jdsample.c', 420, 436 ]
386 silly gunzTarPerm extractEntry support/o3/deps/jpeg-8b/makecmak.vc6
387 silly gunzTarPerm modified mode [ 'support/o3/deps/jpeg-8b/makecmak.vc6', 420, 436 ]
388 silly gunzTarPerm extractEntry support/o3/deps/jpeg-8b/makermak.vc6
389 silly gunzTarPerm modified mode [ 'support/o3/deps/jpeg-8b/makermak.vc6', 420, 436 ]
390 silly gunzTarPerm extractEntry support/o3/deps/jpeg-8b/makefile.ansi
391 silly gunzTarPerm modified mode [ 'support/o3/deps/jpeg-8b/makefile.ansi', 420, 436 ]
392 silly gunzTarPerm extractEntry support/o3/deps/jpeg-8b/libjpeg.txt
393 silly gunzTarPerm modified mode [ 'support/o3/deps/jpeg-8b/libjpeg.txt', 420, 436 ]
394 silly gunzTarPerm extractEntry support/o3/deps/jpeg-8b/makeddep.vc6
395 silly gunzTarPerm modified mode [ 'support/o3/deps/jpeg-8b/makeddep.vc6', 420, 436 ]
396 silly gunzTarPerm extractEntry support/o3/deps/jpeg-8b/coderules.txt
397 silly gunzTarPerm modified mode [ 'support/o3/deps/jpeg-8b/coderules.txt', 420, 436 ]
398 silly gunzTarPerm extractEntry support/o3/deps/jpeg-8b/jcdctmgr.c
399 silly gunzTarPerm modified mode [ 'support/o3/deps/jpeg-8b/jcdctmgr.c', 420, 436 ]
400 silly gunzTarPerm extractEntry support/o3/deps/jpeg-8b/missing
401 silly gunzTarPerm modified mode [ 'support/o3/deps/jpeg-8b/missing', 420, 436 ]
402 silly gunzTarPerm extractEntry support/o3/deps/jpeg-8b/makdjpeg.st
403 silly gunzTarPerm modified mode [ 'support/o3/deps/jpeg-8b/makdjpeg.st', 420, 436 ]
404 silly gunzTarPerm extractEntry support/o3/deps/jpeg-8b/jdmarker.c
405 silly gunzTarPerm modified mode [ 'support/o3/deps/jpeg-8b/jdmarker.c', 420, 436 ]
406 silly gunzTarPerm extractEntry support/o3/deps/jpeg-8b/jcmainct.c
407 silly gunzTarPerm modified mode [ 'support/o3/deps/jpeg-8b/jcmainct.c', 420, 436 ]
408 silly gunzTarPerm extractEntry support/o3/deps/jpeg-8b/jmemname.c
409 silly gunzTarPerm modified mode [ 'support/o3/deps/jpeg-8b/jmemname.c', 420, 436 ]
410 silly gunzTarPerm extractEntry support/o3/deps/jpeg-8b/makeasln.v10
411 silly gunzTarPerm modified mode [ 'support/o3/deps/jpeg-8b/makeasln.v10', 420, 436 ]
412 silly gunzTarPerm extractEntry support/o3/deps/jpeg-8b/makefile.vms
413 silly gunzTarPerm modified mode [ 'support/o3/deps/jpeg-8b/makefile.vms', 420, 436 ]
414 silly gunzTarPerm extractEntry support/o3/deps/jpeg-8b/jerror.c
415 silly gunzTarPerm modified mode [ 'support/o3/deps/jpeg-8b/jerror.c', 420, 436 ]
416 silly gunzTarPerm extractEntry support/o3/deps/jpeg-8b/makerdsp.vc6
417 silly gunzTarPerm modified mode [ 'support/o3/deps/jpeg-8b/makerdsp.vc6', 420, 436 ]
418 silly gunzTarPerm extractEntry support/o3/deps/jpeg-8b/jdmerge.c
419 silly gunzTarPerm modified mode [ 'support/o3/deps/jpeg-8b/jdmerge.c', 420, 436 ]
420 silly gunzTarPerm extractEntry support/o3/deps/jpeg-8b/djpeg.c
421 silly gunzTarPerm modified mode [ 'support/o3/deps/jpeg-8b/djpeg.c', 420, 436 ]
422 silly gunzTarPerm extractEntry support/o3/deps/jpeg-8b/jquant1.c
423 silly gunzTarPerm modified mode [ 'support/o3/deps/jpeg-8b/jquant1.c', 420, 436 ]
424 silly gunzTarPerm extractEntry support/o3/deps/jpeg-8b/makejmak.vc6
425 silly gunzTarPerm modified mode [ 'support/o3/deps/jpeg-8b/makejmak.vc6', 420, 436 ]
426 silly gunzTarPerm extractEntry support/o3/deps/jpeg-8b/transupp.c
427 silly gunzTarPerm modified mode [ 'support/o3/deps/jpeg-8b/transupp.c', 420, 436 ]
428 silly gunzTarPerm extractEntry support/o3/deps/jpeg-8b/testimgp.jpg
429 silly gunzTarPerm modified mode [ 'support/o3/deps/jpeg-8b/testimgp.jpg', 420, 436 ]
430 silly gunzTarPerm extractEntry support/o3/deps/jpeg-8b/makerdep.vc6
431 silly gunzTarPerm modified mode [ 'support/o3/deps/jpeg-8b/makerdep.vc6', 420, 436 ]
432 silly gunzTarPerm extractEntry support/o3/deps/jpeg-8b/makejsln.v10
433 silly gunzTarPerm modified mode [ 'support/o3/deps/jpeg-8b/makejsln.v10', 420, 436 ]
434 silly gunzTarPerm extractEntry support/o3/deps/jpeg-8b/makefile.mc6
435 silly gunzTarPerm modified mode [ 'support/o3/deps/jpeg-8b/makefile.mc6', 420, 436 ]
436 silly gunzTarPerm extractEntry support/o3/deps/jpeg-8b/jdinput.c
437 silly gunzTarPerm modified mode [ 'support/o3/deps/jpeg-8b/jdinput.c', 420, 436 ]
438 silly gunzTarPerm extractEntry support/o3/deps/jpeg-8b/depcomp
439 silly gunzTarPerm modified mode [ 'support/o3/deps/jpeg-8b/depcomp', 420, 436 ]
440 silly gunzTarPerm extractEntry support/o3/deps/jpeg-8b/jpegtran.1
441 silly gunzTarPerm modified mode [ 'support/o3/deps/jpeg-8b/jpegtran.1', 420, 436 ]
442 silly gunzTarPerm extractEntry support/o3/deps/jpeg-8b/cjpeg.1
443 silly gunzTarPerm modified mode [ 'support/o3/deps/jpeg-8b/cjpeg.1', 420, 436 ]
444 silly gunzTarPerm extractEntry support/o3/deps/jpeg-8b/testorig.jpg
445 silly gunzTarPerm modified mode [ 'support/o3/deps/jpeg-8b/testorig.jpg', 420, 436 ]
446 silly gunzTarPerm extractEntry support/o3/deps/jpeg-8b/jconfig.wat
447 silly gunzTarPerm modified mode [ 'support/o3/deps/jpeg-8b/jconfig.wat', 420, 436 ]
448 silly gunzTarPerm extractEntry support/o3/deps/jpeg-8b/maketdsp.vc6
449 silly gunzTarPerm modified mode [ 'support/o3/deps/jpeg-8b/maketdsp.vc6', 420, 436 ]
450 silly gunzTarPerm extractEntry support/o3/deps/jpeg-8b/djpeg.1
451 silly gunzTarPerm modified mode [ 'support/o3/deps/jpeg-8b/djpeg.1', 420, 436 ]
452 silly gunzTarPerm extractEntry support/o3/deps/jpeg-8b/jerror.h
453 silly gunzTarPerm modified mode [ 'support/o3/deps/jpeg-8b/jerror.h', 420, 436 ]
454 silly gunzTarPerm extractEntry support/o3/deps/jpeg-8b/change.log
455 silly gunzTarPerm modified mode [ 'support/o3/deps/jpeg-8b/change.log', 420, 436 ]
456 silly gunzTarPerm extractEntry support/o3/deps/jpeg-8b/transupp.h
457 silly gunzTarPerm modified mode [ 'support/o3/deps/jpeg-8b/transupp.h', 420, 436 ]
458 silly gunzTarPerm extractEntry support/o3/deps/jpeg-8b/testimg.ppm
459 silly gunzTarPerm modified mode [ 'support/o3/deps/jpeg-8b/testimg.ppm', 420, 436 ]
460 silly gunzTarPerm extractEntry support/o3/deps/jpeg-8b/jconfig.txt
461 silly gunzTarPerm modified mode [ 'support/o3/deps/jpeg-8b/jconfig.txt', 420, 436 ]
462 silly gunzTarPerm extractEntry support/o3/deps/jpeg-8b/makejfil.v10
463 silly gunzTarPerm modified mode [ 'support/o3/deps/jpeg-8b/makejfil.v10', 420, 436 ]
464 silly gunzTarPerm extractEntry support/o3/deps/jpeg-8b/testimg.jpg
465 silly gunzTarPerm modified mode [ 'support/o3/deps/jpeg-8b/testimg.jpg', 420, 436 ]
466 silly gunzTarPerm extractEntry support/o3/deps/jpeg-8b/makecvcx.v10
467 silly gunzTarPerm modified mode [ 'support/o3/deps/jpeg-8b/makecvcx.v10', 420, 436 ]
468 silly gunzTarPerm extractEntry support/o3/deps/jpeg-8b/jcmarker.c
469 silly gunzTarPerm modified mode [ 'support/o3/deps/jpeg-8b/jcmarker.c', 420, 436 ]
470 silly gunzTarPerm extractEntry support/o3/deps/jpeg-8b/makefile.sas
471 silly gunzTarPerm modified mode [ 'support/o3/deps/jpeg-8b/makefile.sas', 420, 436 ]
472 silly gunzTarPerm extractEntry support/o3/deps/jpeg-8b/jutils.c
473 silly gunzTarPerm modified mode [ 'support/o3/deps/jpeg-8b/jutils.c', 420, 436 ]
474 silly gunzTarPerm extractEntry support/o3/deps/jpeg-8b/jmemsys.h
475 silly gunzTarPerm modified mode [ 'support/o3/deps/jpeg-8b/jmemsys.h', 420, 436 ]
476 silly gunzTarPerm extractEntry support/o3/deps/jpeg-8b/makedfil.v10
477 silly gunzTarPerm modified mode [ 'support/o3/deps/jpeg-8b/makedfil.v10', 420, 436 ]
478 silly gunzTarPerm extractEntry support/o3/deps/jpeg-8b/rdswitch.c
479 silly gunzTarPerm modified mode [ 'support/o3/deps/jpeg-8b/rdswitch.c', 420, 436 ]
480 silly gunzTarPerm extractEntry support/o3/deps/jpeg-8b/makervcx.v10
481 silly gunzTarPerm modified mode [ 'support/o3/deps/jpeg-8b/makervcx.v10', 420, 436 ]
482 silly gunzTarPerm extractEntry support/o3/deps/jpeg-8b/rdgif.c
483 silly gunzTarPerm modified mode [ 'support/o3/deps/jpeg-8b/rdgif.c', 420, 436 ]
484 silly gunzTarPerm extractEntry support/o3/deps/jpeg-8b/example.c
485 silly gunzTarPerm modified mode [ 'support/o3/deps/jpeg-8b/example.c', 420, 436 ]
486 silly gunzTarPerm extractEntry support/o3/deps/jpeg-8b/jcparam.c
487 silly gunzTarPerm modified mode [ 'support/o3/deps/jpeg-8b/jcparam.c', 420, 436 ]
488 silly gunzTarPerm extractEntry support/o3/deps/jpeg-8b/makefile.wat
489 silly gunzTarPerm modified mode [ 'support/o3/deps/jpeg-8b/makefile.wat', 420, 436 ]
490 silly gunzTarPerm extractEntry support/o3/deps/jpeg-8b/makljpeg.st
491 silly gunzTarPerm modified mode [ 'support/o3/deps/jpeg-8b/makljpeg.st', 420, 436 ]
492 silly gunzTarPerm extractEntry support/o3/deps/jpeg-8b/jconfig.vc
493 silly gunzTarPerm modified mode [ 'support/o3/deps/jpeg-8b/jconfig.vc', 420, 436 ]
494 silly gunzTarPerm extractEntry support/o3/deps/jpeg-8b/ckconfig.c
495 silly gunzTarPerm modified mode [ 'support/o3/deps/jpeg-8b/ckconfig.c', 420, 436 ]
496 silly gunzTarPerm extractEntry support/o3/deps/jpeg-8b/jcapistd.c
497 silly gunzTarPerm modified mode [ 'support/o3/deps/jpeg-8b/jcapistd.c', 420, 436 ]
498 silly gunzTarPerm extractEntry support/o3/deps/jpeg-8b/libjpeg.map
499 silly gunzTarPerm modified mode [ 'support/o3/deps/jpeg-8b/libjpeg.map', 420, 436 ]
500 silly gunzTarPerm extractEntry support/o3/deps/jpeg-8b/makejdep.vc6
501 silly gunzTarPerm modified mode [ 'support/o3/deps/jpeg-8b/makejdep.vc6', 420, 436 ]
502 silly gunzTarPerm extractEntry support/o3/deps/jpeg-8b/rdbmp.c
503 silly gunzTarPerm modified mode [ 'support/o3/deps/jpeg-8b/rdbmp.c', 420, 436 ]
504 silly gunzTarPerm extractEntry support/o3/deps/jpeg-8b/rdtarga.c
505 silly gunzTarPerm modified mode [ 'support/o3/deps/jpeg-8b/rdtarga.c', 420, 436 ]
506 silly gunzTarPerm extractEntry support/o3/deps/jpeg-8b/configure
507 silly gunzTarPerm modified mode [ 'support/o3/deps/jpeg-8b/configure', 420, 436 ]
508 silly gunzTarPerm extractEntry support/o3/deps/jpeg-8b/jfdctfst.c
509 silly gunzTarPerm modified mode [ 'support/o3/deps/jpeg-8b/jfdctfst.c', 420, 436 ]
510 silly gunzTarPerm extractEntry support/o3/deps/jpeg-8b/configure.ac
511 silly gunzTarPerm modified mode [ 'support/o3/deps/jpeg-8b/configure.ac', 420, 436 ]
512 silly gunzTarPerm extractEntry support/o3/deps/jpeg-8b/makefile.vc
513 silly gunzTarPerm modified mode [ 'support/o3/deps/jpeg-8b/makefile.vc', 420, 436 ]
514 silly gunzTarPerm extractEntry support/o3/deps/jpeg-8b/jmorecfg.h
515 silly gunzTarPerm modified mode [ 'support/o3/deps/jpeg-8b/jmorecfg.h', 420, 436 ]
516 silly gunzTarPerm extractEntry support/o3/deps/jpeg-8b/makerfil.v10
517 silly gunzTarPerm modified mode [ 'support/o3/deps/jpeg-8b/makerfil.v10', 420, 436 ]
518 silly gunzTarPerm extractEntry support/o3/deps/jpeg-8b/jidctfst.c
519 silly gunzTarPerm modified mode [ 'support/o3/deps/jpeg-8b/jidctfst.c', 420, 436 ]
520 silly gunzTarPerm extractEntry support/o3/deps/jpeg-8b/testprog.jpg
521 silly gunzTarPerm modified mode [ 'support/o3/deps/jpeg-8b/testprog.jpg', 420, 436 ]
522 silly gunzTarPerm extractEntry support/o3/deps/jpeg-8b/jpegint.h
523 silly gunzTarPerm modified mode [ 'support/o3/deps/jpeg-8b/jpegint.h', 420, 436 ]
524 silly gunzTarPerm extractEntry support/o3/deps/jpeg-8b/usage.txt
525 silly gunzTarPerm modified mode [ 'support/o3/deps/jpeg-8b/usage.txt', 420, 436 ]
526 silly gunzTarPerm extractEntry support/o3/deps/jpeg-8b/makewdep.vc6
527 silly gunzTarPerm modified mode [ 'support/o3/deps/jpeg-8b/makewdep.vc6', 420, 436 ]
528 silly gunzTarPerm extractEntry support/o3/deps/jpeg-8b/jdapistd.c
529 silly gunzTarPerm modified mode [ 'support/o3/deps/jpeg-8b/jdapistd.c', 420, 436 ]
530 silly gunzTarPerm extractEntry support/o3/deps/jpeg-8b/jmemansi.c
531 silly gunzTarPerm modified mode [ 'support/o3/deps/jpeg-8b/jmemansi.c', 420, 436 ]
532 silly gunzTarPerm extractEntry support/o3/deps/jpeg-8b/jcinit.c
533 silly gunzTarPerm modified mode [ 'support/o3/deps/jpeg-8b/jcinit.c', 420, 436 ]
534 silly gunzTarPerm extractEntry support/o3/deps/jpeg-8b/jinclude.h
535 silly gunzTarPerm modified mode [ 'support/o3/deps/jpeg-8b/jinclude.h', 420, 436 ]
536 silly gunzTarPerm extractEntry support/o3/deps/jpeg-8b/jconfig.sas
537 silly gunzTarPerm modified mode [ 'support/o3/deps/jpeg-8b/jconfig.sas', 420, 436 ]
538 silly gunzTarPerm extractEntry support/o3/deps/jpeg-8b/makefile.mms
539 silly gunzTarPerm modified mode [ 'support/o3/deps/jpeg-8b/makefile.mms', 420, 436 ]
540 silly gunzTarPerm extractEntry support/o3/deps/jpeg-8b/jcsample.c
541 silly gunzTarPerm modified mode [ 'support/o3/deps/jpeg-8b/jcsample.c', 420, 436 ]
542 silly gunzTarPerm extractEntry support/o3/deps/jpeg-8b/rdjpgcom.1
543 silly gunzTarPerm modified mode [ 'support/o3/deps/jpeg-8b/rdjpgcom.1', 420, 436 ]
544 silly gunzTarPerm extractEntry support/o3/deps/jpeg-8b/wrjpgcom.c
545 silly gunzTarPerm modified mode [ 'support/o3/deps/jpeg-8b/wrjpgcom.c', 420, 436 ]
546 silly gunzTarPerm extractEntry support/o3/deps/jpeg-8b/jccoefct.c
547 silly gunzTarPerm modified mode [ 'support/o3/deps/jpeg-8b/jccoefct.c', 420, 436 ]
548 silly gunzTarPerm extractEntry support/o3/deps/jpeg-8b/jfdctint.c
549 silly gunzTarPerm modified mode [ 'support/o3/deps/jpeg-8b/jfdctint.c', 420, 436 ]
550 silly gunzTarPerm extractEntry support/o3/deps/jpeg-8b/jdmaster.c
551 silly gunzTarPerm modified mode [ 'support/o3/deps/jpeg-8b/jdmaster.c', 420, 436 ]
552 silly gunzTarPerm extractEntry support/o3/deps/jpeg-8b/jconfig.mac
553 silly gunzTarPerm modified mode [ 'support/o3/deps/jpeg-8b/jconfig.mac', 420, 436 ]
554 silly gunzTarPerm extractEntry support/o3/deps/jpeg-8b/makedvcx.v10
555 silly gunzTarPerm modified mode [ 'support/o3/deps/jpeg-8b/makedvcx.v10', 420, 436 ]
556 silly gunzTarPerm extractEntry support/o3/deps/jpeg-8b/ansi2knr.1
557 silly gunzTarPerm modified mode [ 'support/o3/deps/jpeg-8b/ansi2knr.1', 420, 436 ]
558 silly gunzTarPerm extractEntry support/o3/deps/jpeg-8b/jmemdosa.asm
559 silly gunzTarPerm modified mode [ 'support/o3/deps/jpeg-8b/jmemdosa.asm', 420, 436 ]
560 silly gunzTarPerm extractEntry support/o3/deps/jpeg-8b/wrgif.c
561 silly gunzTarPerm modified mode [ 'support/o3/deps/jpeg-8b/wrgif.c', 420, 436 ]
562 silly gunzTarPerm extractEntry support/o3/deps/jpeg-8b/jdhuff.c
563 silly gunzTarPerm modified mode [ 'support/o3/deps/jpeg-8b/jdhuff.c', 420, 436 ]
564 silly gunzTarPerm extractEntry support/o3/deps/jpeg-8b/makecfil.v10
565 silly gunzTarPerm modified mode [ 'support/o3/deps/jpeg-8b/makecfil.v10', 420, 436 ]
566 silly gunzTarPerm extractEntry support/o3/deps/jpeg-8b/Makefile.am
567 silly gunzTarPerm modified mode [ 'support/o3/deps/jpeg-8b/Makefile.am', 420, 436 ]
568 silly gunzTarPerm extractEntry support/o3/deps/jpeg-8b/jctrans.c
569 silly gunzTarPerm modified mode [ 'support/o3/deps/jpeg-8b/jctrans.c', 420, 436 ]
570 silly gunzTarPerm extractEntry support/o3/deps/jpeg-8b/jdcolor.c
571 silly gunzTarPerm modified mode [ 'support/o3/deps/jpeg-8b/jdcolor.c', 420, 436 ]
572 silly gunzTarPerm extractEntry support/o3/deps/jpeg-8b/jdapimin.c
573 silly gunzTarPerm modified mode [ 'support/o3/deps/jpeg-8b/jdapimin.c', 420, 436 ]
574 silly gunzTarPerm extractEntry support/o3/deps/jpeg-8b/jconfig.mc6
575 silly gunzTarPerm modified mode [ 'support/o3/deps/jpeg-8b/jconfig.mc6', 420, 436 ]
576 silly gunzTarPerm extractEntry support/o3/deps/jpeg-8b/config.sub
577 silly gunzTarPerm modified mode [ 'support/o3/deps/jpeg-8b/config.sub', 420, 436 ]
578 silly gunzTarPerm extractEntry support/o3/deps/jpeg-8b/testimg.bmp
579 silly gunzTarPerm modified mode [ 'support/o3/deps/jpeg-8b/testimg.bmp', 420, 436 ]
580 silly gunzTarPerm extractEntry support/o3/deps/jpeg-8b/wrppm.c
581 silly gunzTarPerm modified mode [ 'support/o3/deps/jpeg-8b/wrppm.c', 420, 436 ]
582 silly gunzTarPerm extractEntry support/o3/deps/jpeg-8b/jfdctflt.c
583 silly gunzTarPerm modified mode [ 'support/o3/deps/jpeg-8b/jfdctflt.c', 420, 436 ]
584 silly gunzTarPerm extractEntry support/o3/deps/jpeg-8b/jddctmgr.c
585 silly gunzTarPerm modified mode [ 'support/o3/deps/jpeg-8b/jddctmgr.c', 420, 436 ]
586 silly gunzTarPerm extractEntry support/o3/deps/jpeg-8b/makcjpeg.st
587 silly gunzTarPerm modified mode [ 'support/o3/deps/jpeg-8b/makcjpeg.st', 420, 436 ]
588 silly gunzTarPerm extractEntry support/o3/deps/jpeg-8b/jdmainct.c
589 silly gunzTarPerm modified mode [ 'support/o3/deps/jpeg-8b/jdmainct.c', 420, 436 ]
590 silly gunzTarPerm extractEntry support/o3/deps/jpeg-8b/wrtarga.c
591 silly gunzTarPerm modified mode [ 'support/o3/deps/jpeg-8b/wrtarga.c', 420, 436 ]
592 silly gunzTarPerm extractEntry support/o3/deps/jpeg-8b/makefile.bcc
593 silly gunzTarPerm modified mode [ 'support/o3/deps/jpeg-8b/makefile.bcc', 420, 436 ]
594 silly gunzTarPerm extractEntry support/o3/deps/jpeg-8b/jcapimin.c
595 silly gunzTarPerm modified mode [ 'support/o3/deps/jpeg-8b/jcapimin.c', 420, 436 ]
596 silly gunzTarPerm extractEntry support/o3/deps/jpeg-8b/jmemmgr.c
597 silly gunzTarPerm modified mode [ 'support/o3/deps/jpeg-8b/jmemmgr.c', 420, 436 ]
598 silly gunzTarPerm extractEntry support/o3/deps/jpeg-8b/makejdsw.vc6
599 silly gunzTarPerm modified mode [ 'support/o3/deps/jpeg-8b/makejdsw.vc6', 420, 436 ]
600 silly gunzTarPerm extractEntry support/o3/deps/jpeg-8b/jversion.h
601 silly gunzTarPerm modified mode [ 'support/o3/deps/jpeg-8b/jversion.h', 420, 436 ]
602 silly gunzTarPerm extractEntry support/o3/deps/jpeg-8b/install-sh
603 silly gunzTarPerm modified mode [ 'support/o3/deps/jpeg-8b/install-sh', 420, 436 ]
604 silly gunzTarPerm extractEntry support/o3/deps/jpeg-8b/rdppm.c
605 silly gunzTarPerm modified mode [ 'support/o3/deps/jpeg-8b/rdppm.c', 420, 436 ]
606 silly gunzTarPerm extractEntry support/o3/deps/jpeg-8b/config.guess
607 silly gunzTarPerm modified mode [ 'support/o3/deps/jpeg-8b/config.guess', 420, 436 ]
608 silly gunzTarPerm extractEntry support/o3/deps/jpeg-8b/filelist.txt
609 silly gunzTarPerm modified mode [ 'support/o3/deps/jpeg-8b/filelist.txt', 420, 436 ]
610 silly gunzTarPerm extractEntry support/o3/deps/jpeg-8b/wrrle.c
611 silly gunzTarPerm modified mode [ 'support/o3/deps/jpeg-8b/wrrle.c', 420, 436 ]
612 silly gunzTarPerm extractEntry support/o3/deps/jpeg-8b/jcarith.c
613 silly gunzTarPerm modified mode [ 'support/o3/deps/jpeg-8b/jcarith.c', 420, 436 ]
614 silly gunzTarPerm extractEntry support/o3/deps/jpeg-8b/jconfig.cfg
615 silly gunzTarPerm modified mode [ 'support/o3/deps/jpeg-8b/jconfig.cfg', 420, 436 ]
616 silly gunzTarPerm extractEntry support/o3/deps/jpeg-8b/jmemmac.c
617 silly gunzTarPerm modified mode [ 'support/o3/deps/jpeg-8b/jmemmac.c', 420, 436 ]
618 silly gunzTarPerm extractEntry support/o3/deps/jpeg-8b/jcmaster.c
619 silly gunzTarPerm modified mode [ 'support/o3/deps/jpeg-8b/jcmaster.c', 420, 436 ]
620 silly gunzTarPerm extractEntry support/o3/deps/jpeg-8b/jdtrans.c
621 silly gunzTarPerm modified mode [ 'support/o3/deps/jpeg-8b/jdtrans.c', 420, 436 ]
622 silly gunzTarPerm extractEntry support/o3/deps/jpeg-8b/jcomapi.c
623 silly gunzTarPerm modified mode [ 'support/o3/deps/jpeg-8b/jcomapi.c', 420, 436 ]
624 silly gunzTarPerm extractEntry support/o3/deps/jpeg-8b/jquant2.c
625 silly gunzTarPerm modified mode [ 'support/o3/deps/jpeg-8b/jquant2.c', 420, 436 ]
626 silly gunzTarPerm extractEntry support/o3/deps/jpeg-8b/makejdsp.vc6
627 silly gunzTarPerm modified mode [ 'support/o3/deps/jpeg-8b/makejdsp.vc6', 420, 436 ]
628 silly gunzTarPerm extractEntry support/o3/deps/jpeg-8b/jdatadst.c
629 silly gunzTarPerm modified mode [ 'support/o3/deps/jpeg-8b/jdatadst.c', 420, 436 ]
630 silly gunzTarPerm extractEntry support/o3/deps/jpeg-8b/jmemdos.c
631 silly gunzTarPerm modified mode [ 'support/o3/deps/jpeg-8b/jmemdos.c', 420, 436 ]
632 silly gunzTarPerm extractEntry support/o3/deps/jpeg-8b/makeddsp.vc6
633 silly gunzTarPerm modified mode [ 'support/o3/deps/jpeg-8b/makeddsp.vc6', 420, 436 ]
634 silly gunzTarPerm extractEntry support/o3/deps/jpeg-8b/jchuff.c
635 silly gunzTarPerm modified mode [ 'support/o3/deps/jpeg-8b/jchuff.c', 420, 436 ]
636 silly gunzTarPerm extractEntry support/o3/deps/jpeg-8b/makejvcx.v10
637 silly gunzTarPerm modified mode [ 'support/o3/deps/jpeg-8b/makejvcx.v10', 420, 436 ]
638 silly gunzTarPerm extractEntry support/o3/deps/jpeg-8b/makefile.unix
639 silly gunzTarPerm modified mode [ 'support/o3/deps/jpeg-8b/makefile.unix', 420, 436 ]
640 silly gunzTarPerm extractEntry support/o3/deps/jpeg-8b/ansi2knr.c
641 silly gunzTarPerm modified mode [ 'support/o3/deps/jpeg-8b/ansi2knr.c', 420, 436 ]
642 silly gunzTarPerm extractEntry support/o3/deps/jpeg-8b/jdcoefct.c
643 silly gunzTarPerm modified mode [ 'support/o3/deps/jpeg-8b/jdcoefct.c', 420, 436 ]
644 silly gunzTarPerm extractEntry support/o3/deps/jpeg-8b/jccolor.c
645 silly gunzTarPerm modified mode [ 'support/o3/deps/jpeg-8b/jccolor.c', 420, 436 ]
646 silly gunzTarPerm extractEntry support/o3/deps/jpeg-8b/makecdep.vc6
647 silly gunzTarPerm modified mode [ 'support/o3/deps/jpeg-8b/makecdep.vc6', 420, 436 ]
648 silly gunzTarPerm extractEntry support/o3/deps/jpeg-8b/install.txt
649 silly gunzTarPerm modified mode [ 'support/o3/deps/jpeg-8b/install.txt', 420, 436 ]
650 silly gunzTarPerm extractEntry support/o3/deps/jpeg-8b/maktjpeg.st
651 silly gunzTarPerm modified mode [ 'support/o3/deps/jpeg-8b/maktjpeg.st', 420, 436 ]
652 silly gunzTarPerm extractEntry support/o3/deps/jpeg-8b/makvms.opt
653 silly gunzTarPerm modified mode [ 'support/o3/deps/jpeg-8b/makvms.opt', 420, 436 ]
654 silly gunzTarPerm extractEntry support/o3/deps/jpeg-8b/makewdsp.vc6
655 silly gunzTarPerm modified mode [ 'support/o3/deps/jpeg-8b/makewdsp.vc6', 420, 436 ]
656 silly gunzTarPerm extractEntry support/o3/deps/jpeg-8b/wrbmp.c
657 silly gunzTarPerm modified mode [ 'support/o3/deps/jpeg-8b/wrbmp.c', 420, 436 ]
658 silly gunzTarPerm extractEntry support/o3/deps/jpeg-8b/makefile.manx
659 silly gunzTarPerm modified mode [ 'support/o3/deps/jpeg-8b/makefile.manx', 420, 436 ]
660 silly gunzTarPerm extractEntry support/o3/deps/jpeg-8b/makecdsp.vc6
661 silly gunzTarPerm modified mode [ 'support/o3/deps/jpeg-8b/makecdsp.vc6', 420, 436 ]
662 silly gunzTarPerm extractEntry support/o3/deps/jpeg-8b/makewvcx.v10
663 silly gunzTarPerm modified mode [ 'support/o3/deps/jpeg-8b/makewvcx.v10', 420, 436 ]
664 silly gunzTarPerm extractEntry support/o3/deps/jpeg-8b/rdjpgcom.c
665 silly gunzTarPerm modified mode [ 'support/o3/deps/jpeg-8b/rdjpgcom.c', 420, 436 ]
666 silly gunzTarPerm extractEntry support/o3/deps/jpeg-8b/jdpostct.c
667 silly gunzTarPerm modified mode [ 'support/o3/deps/jpeg-8b/jdpostct.c', 420, 436 ]
668 silly gunzTarPerm extractEntry support/o3/deps/jpeg-8b/makeproj.mac
669 silly gunzTarPerm modified mode [ 'support/o3/deps/jpeg-8b/makeproj.mac', 420, 436 ]
670 silly gunzTarPerm extractEntry support/o3/deps/jpeg-8b/maketmak.vc6
671 silly gunzTarPerm modified mode [ 'support/o3/deps/jpeg-8b/maketmak.vc6', 420, 436 ]
672 silly gunzTarPerm extractEntry support/o3/deps/jpeg-8b/maketvcx.v10
673 silly gunzTarPerm modified mode [ 'support/o3/deps/jpeg-8b/maketvcx.v10', 420, 436 ]
674 silly gunzTarPerm extractEntry support/o3/deps/jpeg-8b/jconfig.bcc
675 silly gunzTarPerm modified mode [ 'support/o3/deps/jpeg-8b/jconfig.bcc', 420, 436 ]
676 silly gunzTarPerm extractEntry support/o3/deps/jpeg-8b/makedmak.vc6
677 silly gunzTarPerm modified mode [ 'support/o3/deps/jpeg-8b/makedmak.vc6', 420, 436 ]
678 silly gunzTarPerm extractEntry support/o3/deps/jpeg-8b/aclocal.m4
679 silly gunzTarPerm modified mode [ 'support/o3/deps/jpeg-8b/aclocal.m4', 420, 436 ]
680 silly gunzTarPerm extractEntry support/o3/deps/jpeg-8b/jconfig.dj
681 silly gunzTarPerm modified mode [ 'support/o3/deps/jpeg-8b/jconfig.dj', 420, 436 ]
682 silly gunzTarPerm extractEntry support/o3/deps/jpeg-8b/jaricom.c
683 silly gunzTarPerm modified mode [ 'support/o3/deps/jpeg-8b/jaricom.c', 420, 436 ]
684 silly gunzTarPerm extractEntry support/o3/deps/jpeg-8b/jdarith.c
685 silly gunzTarPerm modified mode [ 'support/o3/deps/jpeg-8b/jdarith.c', 420, 436 ]
686 silly gunzTarPerm extractEntry support/o3/deps/jpeg-8b/cderror.h
687 silly gunzTarPerm modified mode [ 'support/o3/deps/jpeg-8b/cderror.h', 420, 436 ]
688 silly gunzTarPerm extractEntry support/o3/deps/jpeg-8b/jpeglib.h
689 silly gunzTarPerm modified mode [ 'support/o3/deps/jpeg-8b/jpeglib.h', 420, 436 ]
690 silly gunzTarPerm extractEntry support/o3/deps/jpeg-8b/jmemnobs.c
691 silly gunzTarPerm modified mode [ 'support/o3/deps/jpeg-8b/jmemnobs.c', 420, 436 ]
692 silly gunzTarPerm extractEntry support/o3/deps/jpeg-8b/cdjpeg.c
693 silly gunzTarPerm modified mode [ 'support/o3/deps/jpeg-8b/cdjpeg.c', 420, 436 ]
694 silly gunzTarPerm extractEntry support/o3/deps/jpeg-8b/jidctflt.c
695 silly gunzTarPerm modified mode [ 'support/o3/deps/jpeg-8b/jidctflt.c', 420, 436 ]
696 silly gunzTarPerm extractEntry support/o3/deps/libxml/nanohttp.h
697 silly gunzTarPerm modified mode [ 'support/o3/deps/libxml/nanohttp.h', 420, 436 ]
698 silly gunzTarPerm extractEntry support/o3/deps/libxml/encoding.h
699 silly gunzTarPerm modified mode [ 'support/o3/deps/libxml/encoding.h', 420, 436 ]
700 silly gunzTarPerm extractEntry support/o3/deps/libxml/win32config.h
701 silly gunzTarPerm modified mode [ 'support/o3/deps/libxml/win32config.h', 420, 436 ]
702 silly gunzTarPerm extractEntry support/o3/deps/libxml/xinclude.h
703 silly gunzTarPerm modified mode [ 'support/o3/deps/libxml/xinclude.h', 420, 436 ]
704 silly gunzTarPerm extractEntry support/o3/deps/libxml/pattern.h
705 silly gunzTarPerm modified mode [ 'support/o3/deps/libxml/pattern.h', 420, 436 ]
706 silly gunzTarPerm extractEntry support/o3/deps/libxml/nanoftp.h
707 silly gunzTarPerm modified mode [ 'support/o3/deps/libxml/nanoftp.h', 420, 436 ]
708 silly gunzTarPerm extractEntry support/o3/deps/libxml/xmlreader.h
709 silly gunzTarPerm modified mode [ 'support/o3/deps/libxml/xmlreader.h', 420, 436 ]
710 silly gunzTarPerm extractEntry support/o3/deps/libxml/xmlmodule.h
711 silly gunzTarPerm modified mode [ 'support/o3/deps/libxml/xmlmodule.h', 420, 436 ]
712 silly gunzTarPerm extractEntry support/o3/deps/libxml/xpath.h
713 silly gunzTarPerm modified mode [ 'support/o3/deps/libxml/xpath.h', 420, 436 ]
714 silly gunzTarPerm extractEntry support/o3/deps/libxml/xmlversion.h
715 silly gunzTarPerm modified mode [ 'support/o3/deps/libxml/xmlversion.h', 420, 436 ]
716 silly gunzTarPerm extractEntry support/o3/deps/libxml/threads.h
717 silly gunzTarPerm modified mode [ 'support/o3/deps/libxml/threads.h', 420, 436 ]
718 silly gunzTarPerm extractEntry support/o3/deps/libxml/list.h
719 silly gunzTarPerm modified mode [ 'support/o3/deps/libxml/list.h', 420, 436 ]
720 silly gunzTarPerm extractEntry support/o3/deps/libxml/xmlschemastypes.h
721 silly gunzTarPerm modified mode [ 'support/o3/deps/libxml/xmlschemastypes.h', 420, 436 ]
722 silly gunzTarPerm extractEntry support/o3/deps/libxml/schemasInternals.h
723 silly gunzTarPerm modified mode [ 'support/o3/deps/libxml/schemasInternals.h', 420, 436 ]
724 silly gunzTarPerm extractEntry support/o3/deps/libxml/globals.h
725 silly gunzTarPerm modified mode [ 'support/o3/deps/libxml/globals.h', 420, 436 ]
726 silly gunzTarPerm extractEntry support/o3/deps/libxml/xmlstring.h
727 silly gunzTarPerm modified mode [ 'support/o3/deps/libxml/xmlstring.h', 420, 436 ]
728 silly gunzTarPerm extractEntry support/o3/deps/libxml/xmlwriter.h
729 silly gunzTarPerm modified mode [ 'support/o3/deps/libxml/xmlwriter.h', 420, 436 ]
730 silly gunzTarPerm extractEntry support/o3/deps/libxml/HTMLtree.h
731 silly gunzTarPerm modified mode [ 'support/o3/deps/libxml/HTMLtree.h', 420, 436 ]
732 silly gunzTarPerm extractEntry support/o3/deps/libxml/wsockcompat.h
733 silly gunzTarPerm modified mode [ 'support/o3/deps/libxml/wsockcompat.h', 420, 436 ]
734 silly gunzTarPerm extractEntry support/o3/deps/libxml/xmlmemory.h
735 silly gunzTarPerm modified mode [ 'support/o3/deps/libxml/xmlmemory.h', 420, 436 ]
736 silly gunzTarPerm extractEntry support/o3/deps/libxml/DOCBparser.h
737 silly gunzTarPerm modified mode [ 'support/o3/deps/libxml/DOCBparser.h', 420, 436 ]
738 silly gunzTarPerm extractEntry support/o3/deps/libxml/c14n.h
739 silly gunzTarPerm modified mode [ 'support/o3/deps/libxml/c14n.h', 420, 436 ]
740 silly gunzTarPerm extractEntry support/o3/deps/libxml/SAX2.h
741 silly gunzTarPerm modified mode [ 'support/o3/deps/libxml/SAX2.h', 420, 436 ]
742 silly gunzTarPerm extractEntry support/o3/deps/libxml/xlink.h
743 silly gunzTarPerm modified mode [ 'support/o3/deps/libxml/xlink.h', 420, 436 ]
744 silly gunzTarPerm extractEntry support/o3/deps/libxml/hash.h
745 silly gunzTarPerm modified mode [ 'support/o3/deps/libxml/hash.h', 420, 436 ]
746 silly gunzTarPerm extractEntry support/o3/deps/libxml/xmlregexp.h
747 silly gunzTarPerm modified mode [ 'support/o3/deps/libxml/xmlregexp.h', 420, 436 ]
748 silly gunzTarPerm extractEntry support/o3/deps/libxml/Makefile.in
749 silly gunzTarPerm modified mode [ 'support/o3/deps/libxml/Makefile.in', 420, 436 ]
750 silly gunzTarPerm extractEntry support/o3/deps/libxml/debugXML.h
751 silly gunzTarPerm modified mode [ 'support/o3/deps/libxml/debugXML.h', 420, 436 ]
752 silly gunzTarPerm extractEntry support/o3/deps/libxml/xpointer.h
753 silly gunzTarPerm modified mode [ 'support/o3/deps/libxml/xpointer.h', 420, 436 ]
754 silly gunzTarPerm extractEntry support/o3/deps/libxml/xmlunicode.h
755 silly gunzTarPerm modified mode [ 'support/o3/deps/libxml/xmlunicode.h', 420, 436 ]
756 silly gunzTarPerm extractEntry support/o3/deps/libxml/parser.h
757 silly gunzTarPerm modified mode [ 'support/o3/deps/libxml/parser.h', 420, 436 ]
758 silly gunzTarPerm extractEntry support/o3/deps/libxml/xpathInternals.h
759 silly gunzTarPerm modified mode [ 'support/o3/deps/libxml/xpathInternals.h', 420, 436 ]
760 silly gunzTarPerm extractEntry support/o3/deps/libxml/xmlIO.h
761 silly gunzTarPerm modified mode [ 'support/o3/deps/libxml/xmlIO.h', 420, 436 ]
762 silly gunzTarPerm extractEntry support/o3/deps/libxml/xmlschemas.h
763 silly gunzTarPerm modified mode [ 'support/o3/deps/libxml/xmlschemas.h', 420, 436 ]
764 silly gunzTarPerm extractEntry support/o3/deps/libxml/parserInternals.h
765 silly gunzTarPerm modified mode [ 'support/o3/deps/libxml/parserInternals.h', 420, 436 ]
766 silly gunzTarPerm extractEntry support/o3/deps/libxml/relaxng.h
767 silly gunzTarPerm modified mode [ 'support/o3/deps/libxml/relaxng.h', 420, 436 ]
768 silly gunzTarPerm extractEntry support/o3/deps/libxml/tree.h
769 silly gunzTarPerm modified mode [ 'support/o3/deps/libxml/tree.h', 420, 436 ]
770 silly gunzTarPerm extractEntry support/o3/deps/libxml/xmlexports.h
771 silly gunzTarPerm modified mode [ 'support/o3/deps/libxml/xmlexports.h', 420, 436 ]
772 silly gunzTarPerm extractEntry support/o3/deps/libxml/SAX.h
773 silly gunzTarPerm modified mode [ 'support/o3/deps/libxml/SAX.h', 420, 436 ]
774 silly gunzTarPerm extractEntry support/o3/deps/libxml/xmlautomata.h
775 silly gunzTarPerm modified mode [ 'support/o3/deps/libxml/xmlautomata.h', 420, 436 ]
776 silly gunzTarPerm extractEntry support/o3/deps/libxml/Makefile.am
777 silly gunzTarPerm modified mode [ 'support/o3/deps/libxml/Makefile.am', 420, 436 ]
778 silly gunzTarPerm extractEntry support/o3/deps/libxml/entities.h
779 silly gunzTarPerm modified mode [ 'support/o3/deps/libxml/entities.h', 420, 436 ]
780 silly gunzTarPerm extractEntry support/o3/deps/libxml/dict.h
781 silly gunzTarPerm modified mode [ 'support/o3/deps/libxml/dict.h', 420, 436 ]
782 silly gunzTarPerm extractEntry support/o3/deps/libxml/chvalid.h
783 silly gunzTarPerm modified mode [ 'support/o3/deps/libxml/chvalid.h', 420, 436 ]
784 silly gunzTarPerm extractEntry support/o3/deps/libxml/valid.h
785 silly gunzTarPerm modified mode [ 'support/o3/deps/libxml/valid.h', 420, 436 ]
786 silly gunzTarPerm extractEntry support/o3/deps/libxml/xmlerror.h
787 silly gunzTarPerm modified mode [ 'support/o3/deps/libxml/xmlerror.h', 420, 436 ]
788 silly gunzTarPerm extractEntry support/o3/deps/libxml/xmlversion.h.in
789 silly gunzTarPerm modified mode [ 'support/o3/deps/libxml/xmlversion.h.in', 420, 436 ]
790 silly gunzTarPerm extractEntry support/o3/deps/libxml/HTMLparser.h
791 silly gunzTarPerm modified mode [ 'support/o3/deps/libxml/HTMLparser.h', 420, 436 ]
792 silly gunzTarPerm extractEntry support/o3/deps/libxml/schematron.h
793 silly gunzTarPerm modified mode [ 'support/o3/deps/libxml/schematron.h', 420, 436 ]
794 silly gunzTarPerm extractEntry support/o3/deps/libxml/xmlsave.h
795 silly gunzTarPerm modified mode [ 'support/o3/deps/libxml/xmlsave.h', 420, 436 ]
796 silly gunzTarPerm extractEntry support/o3/deps/libxml/uri.h
797 silly gunzTarPerm modified mode [ 'support/o3/deps/libxml/uri.h', 420, 436 ]
798 silly gunzTarPerm extractEntry support/o3/deps/libxml/catalog.h
799 silly gunzTarPerm modified mode [ 'support/o3/deps/libxml/catalog.h', 420, 436 ]
800 silly gunzTarPerm extractEntry support/o3/deps/libfreenect.h
801 silly gunzTarPerm modified mode [ 'support/o3/deps/libfreenect.h', 420, 436 ]
802 silly gunzTarPerm extractEntry support/o3/modules/o3.js
803 silly gunzTarPerm modified mode [ 'support/o3/modules/o3.js', 420, 436 ]
804 silly gunzTarPerm extractEntry support/o3/modules/fastxml/index.js
805 silly gunzTarPerm modified mode [ 'support/o3/modules/fastxml/index.js', 420, 436 ]
806 silly gunzTarPerm extractEntry support/o3/modules/fastxml/cFastXmlNode.h
807 silly gunzTarPerm modified mode [ 'support/o3/modules/fastxml/cFastXmlNode.h', 420, 436 ]
808 silly gunzTarPerm extractEntry support/o3/modules/fastxml/cFastXmlAttr.h
809 silly gunzTarPerm modified mode [ 'support/o3/modules/fastxml/cFastXmlAttr.h', 420, 436 ]
810 silly gunzTarPerm extractEntry support/o3/modules/fastxml/node/README.md
811 silly gunzTarPerm modified mode [ 'support/o3/modules/fastxml/node/README.md', 420, 436 ]
812 silly gunzTarPerm extractEntry support/o3/modules/fastxml/cFastXml.h
813 silly gunzTarPerm modified mode [ 'support/o3/modules/fastxml/cFastXml.h', 420, 436 ]
814 silly gunzTarPerm extractEntry support/o3/modules/fastxml/cFastXmlComment.h
815 silly gunzTarPerm modified mode [ 'support/o3/modules/fastxml/cFastXmlComment.h', 420, 436 ]
816 silly gunzTarPerm extractEntry support/o3/modules/fastxml/iFastXml.h
817 silly gunzTarPerm modified mode [ 'support/o3/modules/fastxml/iFastXml.h', 420, 436 ]
818 silly gunzTarPerm extractEntry support/o3/modules/fastxml/cFastXmlNodeSet.h
819 silly gunzTarPerm modified mode [ 'support/o3/modules/fastxml/cFastXmlNodeSet.h', 420, 436 ]
820 silly gunzTarPerm extractEntry support/o3/modules/fastxml/example/example.js
821 silly gunzTarPerm modified mode [ 'support/o3/modules/fastxml/example/example.js', 420, 436 ]
822 silly gunzTarPerm extractEntry support/o3/modules/fastxml/cFastXmlElement.h
823 silly gunzTarPerm modified mode [ 'support/o3/modules/fastxml/cFastXmlElement.h', 420, 436 ]
824 silly gunzTarPerm extractEntry support/o3/modules/fastxml/cFastXmlNodeList.h
825 silly gunzTarPerm modified mode [ 'support/o3/modules/fastxml/cFastXmlNodeList.h', 420, 436 ]
826 silly gunzTarPerm extractEntry support/o3/modules/fastxml/cFastXmlText.h
827 silly gunzTarPerm modified mode [ 'support/o3/modules/fastxml/cFastXmlText.h', 420, 436 ]
828 silly gunzTarPerm extractEntry support/o3/modules/fastxml/test/test.js
829 silly gunzTarPerm modified mode [ 'support/o3/modules/fastxml/test/test.js', 420, 436 ]
830 silly gunzTarPerm extractEntry support/o3/modules/fastxml/test/test3.xml
831 silly gunzTarPerm modified mode [ 'support/o3/modules/fastxml/test/test3.xml', 420, 436 ]
832 silly gunzTarPerm extractEntry support/o3/modules/fastxml/test/test2.xml
833 silly gunzTarPerm modified mode [ 'support/o3/modules/fastxml/test/test2.xml', 420, 436 ]
834 silly gunzTarPerm extractEntry support/o3/modules/fastxml/test/test24.xml
835 silly gunzTarPerm modified mode [ 'support/o3/modules/fastxml/test/test24.xml', 420, 436 ]
836 silly gunzTarPerm extractEntry support/o3/modules/fastxml/test/test1.xml
837 silly gunzTarPerm modified mode [ 'support/o3/modules/fastxml/test/test1.xml', 420, 436 ]
838 silly gunzTarPerm extractEntry support/o3/modules/fastxml/test/test0.xml
839 silly gunzTarPerm modified mode [ 'support/o3/modules/fastxml/test/test0.xml', 420, 436 ]
840 silly gunzTarPerm extractEntry support/o3/modules/fastxml/test/test6.xml
841 silly gunzTarPerm modified mode [ 'support/o3/modules/fastxml/test/test6.xml', 420, 436 ]
842 silly gunzTarPerm extractEntry support/o3/modules/fastxml/test/test.xml
843 silly gunzTarPerm modified mode [ 'support/o3/modules/fastxml/test/test.xml', 420, 436 ]
844 silly gunzTarPerm extractEntry support/o3/modules/fastxml/test/test29.xml
845 silly gunzTarPerm modified mode [ 'support/o3/modules/fastxml/test/test29.xml', 420, 436 ]
846 silly gunzTarPerm extractEntry support/o3/modules/fastxml/test/test8.xml
847 silly gunzTarPerm modified mode [ 'support/o3/modules/fastxml/test/test8.xml', 420, 436 ]
848 silly gunzTarPerm extractEntry support/o3/modules/fastxml/test/xpath.xml
849 silly gunzTarPerm modified mode [ 'support/o3/modules/fastxml/test/xpath.xml', 420, 436 ]
850 silly gunzTarPerm extractEntry support/o3/modules/fastxml/test/test13.xml
851 silly gunzTarPerm modified mode [ 'support/o3/modules/fastxml/test/test13.xml', 420, 436 ]
852 silly gunzTarPerm extractEntry support/o3/modules/fastxml/test/test16.xml
853 silly gunzTarPerm modified mode [ 'support/o3/modules/fastxml/test/test16.xml', 420, 436 ]
854 silly gunzTarPerm extractEntry support/o3/modules/fastxml/test/test27.xml
855 silly gunzTarPerm modified mode [ 'support/o3/modules/fastxml/test/test27.xml', 420, 436 ]
856 silly gunzTarPerm extractEntry support/o3/modules/fastxml/test/test5.xml
857 silly gunzTarPerm modified mode [ 'support/o3/modules/fastxml/test/test5.xml', 420, 436 ]
858 silly gunzTarPerm extractEntry support/o3/modules/fastxml/test/test7.xml
859 silly gunzTarPerm modified mode [ 'support/o3/modules/fastxml/test/test7.xml', 420, 436 ]
860 silly gunzTarPerm extractEntry support/o3/modules/fastxml/test/test23.xml
861 silly gunzTarPerm modified mode [ 'support/o3/modules/fastxml/test/test23.xml', 420, 436 ]
862 silly gunzTarPerm extractEntry support/o3/modules/fastxml/test/test18.xml
863 silly gunzTarPerm modified mode [ 'support/o3/modules/fastxml/test/test18.xml', 420, 436 ]
864 silly gunzTarPerm extractEntry support/o3/modules/fastxml/test/test28.xml
865 silly gunzTarPerm modified mode [ 'support/o3/modules/fastxml/test/test28.xml', 420, 436 ]
866 silly gunzTarPerm extractEntry support/o3/modules/fastxml/fastxml.h
867 silly gunzTarPerm modified mode [ 'support/o3/modules/fastxml/fastxml.h', 420, 436 ]
868 silly gunzTarPerm extractEntry support/o3/modules/fastxml/cFastXmlCharacterData.h
869 silly gunzTarPerm modified mode [ 'support/o3/modules/fastxml/cFastXmlCharacterData.h',
869 silly gunzTarPerm   420,
869 silly gunzTarPerm   436 ]
870 silly gunzTarPerm extractEntry support/o3/modules/fastxml/cFastXmlNamedNodeMap.h
871 silly gunzTarPerm modified mode [ 'support/o3/modules/fastxml/cFastXmlNamedNodeMap.h', 420, 436 ]
872 silly gunzTarPerm extractEntry support/o3/modules/fastxml/cFastXmlCDATASection.h
873 silly gunzTarPerm modified mode [ 'support/o3/modules/fastxml/cFastXmlCDATASection.h', 420, 436 ]
874 silly gunzTarPerm extractEntry support/o3/modules/fastxml/cFastXmlDocument.h
875 silly gunzTarPerm modified mode [ 'support/o3/modules/fastxml/cFastXmlDocument.h', 420, 436 ]
876 silly gunzTarPerm extractEntry support/o3/modules/js/cJs_posix.h
877 silly gunzTarPerm modified mode [ 'support/o3/modules/js/cJs_posix.h', 420, 436 ]
878 silly gunzTarPerm extractEntry support/o3/modules/js/cJsBase.h
879 silly gunzTarPerm modified mode [ 'support/o3/modules/js/cJsBase.h', 420, 436 ]
880 silly gunzTarPerm extractEntry support/o3/modules/js/js.h
881 silly gunzTarPerm modified mode [ 'support/o3/modules/js/js.h', 420, 436 ]
882 silly gunzTarPerm extractEntry support/o3/modules/js/cJs_win32.h
883 silly gunzTarPerm modified mode [ 'support/o3/modules/js/cJs_win32.h', 420, 436 ]
884 silly gunzTarPerm extractEntry support/o3/modules/xml/index.js
885 silly gunzTarPerm modified mode [ 'support/o3/modules/xml/index.js', 420, 436 ]
886 silly gunzTarPerm extractEntry support/o3/modules/xml/cXmlNode.h
887 silly gunzTarPerm modified mode [ 'support/o3/modules/xml/cXmlNode.h', 420, 436 ]
888 silly gunzTarPerm extractEntry support/o3/modules/xml/cXmlCharacterData.h
889 silly gunzTarPerm modified mode [ 'support/o3/modules/xml/cXmlCharacterData.h', 420, 436 ]
890 silly gunzTarPerm extractEntry support/o3/modules/xml/cXmlElement.h
891 silly gunzTarPerm modified mode [ 'support/o3/modules/xml/cXmlElement.h', 420, 436 ]
892 silly gunzTarPerm extractEntry support/o3/modules/xml/cXmlCDATASection.h
893 silly gunzTarPerm modified mode [ 'support/o3/modules/xml/cXmlCDATASection.h', 420, 436 ]
894 silly gunzTarPerm extractEntry support/o3/modules/xml/node/README.md
895 silly gunzTarPerm modified mode [ 'support/o3/modules/xml/node/README.md', 420, 436 ]
896 silly gunzTarPerm extractEntry support/o3/modules/xml/iXml.h
897 silly gunzTarPerm modified mode [ 'support/o3/modules/xml/iXml.h', 420, 436 ]
898 silly gunzTarPerm extractEntry support/o3/modules/xml/cXmlText.h
899 silly gunzTarPerm modified mode [ 'support/o3/modules/xml/cXmlText.h', 420, 436 ]
900 silly gunzTarPerm extractEntry support/o3/modules/xml/cXmlComment.h
901 silly gunzTarPerm modified mode [ 'support/o3/modules/xml/cXmlComment.h', 420, 436 ]
902 silly gunzTarPerm extractEntry support/o3/modules/xml/cXml.h
903 silly gunzTarPerm modified mode [ 'support/o3/modules/xml/cXml.h', 420, 436 ]
904 silly gunzTarPerm extractEntry support/o3/modules/xml/cXmlNamedNodeMap.h
905 silly gunzTarPerm modified mode [ 'support/o3/modules/xml/cXmlNamedNodeMap.h', 420, 436 ]
906 silly gunzTarPerm extractEntry support/o3/modules/xml/example/example.js
907 silly gunzTarPerm modified mode [ 'support/o3/modules/xml/example/example.js', 420, 436 ]
908 silly gunzTarPerm extractEntry support/o3/modules/xml/cXmlNodeArray.h
909 silly gunzTarPerm modified mode [ 'support/o3/modules/xml/cXmlNodeArray.h', 420, 436 ]
910 silly gunzTarPerm extractEntry support/o3/modules/xml/test/test.js
911 silly gunzTarPerm modified mode [ 'support/o3/modules/xml/test/test.js', 420, 436 ]
912 silly gunzTarPerm extractEntry support/o3/modules/xml/test/test3.xml
913 silly gunzTarPerm modified mode [ 'support/o3/modules/xml/test/test3.xml', 420, 436 ]
914 silly gunzTarPerm extractEntry support/o3/modules/xml/test/test2.xml
915 silly gunzTarPerm modified mode [ 'support/o3/modules/xml/test/test2.xml', 420, 436 ]
916 silly gunzTarPerm extractEntry support/o3/modules/xml/test/test24.xml
917 silly gunzTarPerm modified mode [ 'support/o3/modules/xml/test/test24.xml', 420, 436 ]
918 silly gunzTarPerm extractEntry support/o3/modules/xml/test/test1.xml
919 silly gunzTarPerm modified mode [ 'support/o3/modules/xml/test/test1.xml', 420, 436 ]
920 silly gunzTarPerm extractEntry support/o3/modules/xml/test/test0.xml
921 silly gunzTarPerm modified mode [ 'support/o3/modules/xml/test/test0.xml', 420, 436 ]
922 silly gunzTarPerm extractEntry support/o3/modules/xml/test/test6.xml
923 silly gunzTarPerm modified mode [ 'support/o3/modules/xml/test/test6.xml', 420, 436 ]
924 silly gunzTarPerm extractEntry support/o3/modules/xml/test/test.xml
925 silly gunzTarPerm modified mode [ 'support/o3/modules/xml/test/test.xml', 420, 436 ]
926 silly gunzTarPerm extractEntry support/o3/modules/xml/test/test29.xml
927 silly gunzTarPerm modified mode [ 'support/o3/modules/xml/test/test29.xml', 420, 436 ]
928 silly gunzTarPerm extractEntry support/o3/modules/xml/test/test8.xml
929 silly gunzTarPerm modified mode [ 'support/o3/modules/xml/test/test8.xml', 420, 436 ]
930 silly gunzTarPerm extractEntry support/o3/modules/xml/test/xpath.xml
931 silly gunzTarPerm modified mode [ 'support/o3/modules/xml/test/xpath.xml', 420, 436 ]
932 silly gunzTarPerm extractEntry support/o3/modules/xml/test/test13.xml
933 silly gunzTarPerm modified mode [ 'support/o3/modules/xml/test/test13.xml', 420, 436 ]
934 silly gunzTarPerm extractEntry support/o3/modules/xml/test/test16.xml
935 silly gunzTarPerm modified mode [ 'support/o3/modules/xml/test/test16.xml', 420, 436 ]
936 silly gunzTarPerm extractEntry support/o3/modules/xml/test/test27.xml
937 silly gunzTarPerm modified mode [ 'support/o3/modules/xml/test/test27.xml', 420, 436 ]
938 silly gunzTarPerm extractEntry support/o3/modules/xml/test/test5.xml
939 silly gunzTarPerm modified mode [ 'support/o3/modules/xml/test/test5.xml', 420, 436 ]
940 silly gunzTarPerm extractEntry support/o3/modules/xml/test/test7.xml
941 silly gunzTarPerm modified mode [ 'support/o3/modules/xml/test/test7.xml', 420, 436 ]
942 silly gunzTarPerm extractEntry support/o3/modules/xml/test/test23.xml
943 silly gunzTarPerm modified mode [ 'support/o3/modules/xml/test/test23.xml', 420, 436 ]
944 silly gunzTarPerm extractEntry support/o3/modules/xml/test/test18.xml
945 silly gunzTarPerm modified mode [ 'support/o3/modules/xml/test/test18.xml', 420, 436 ]
946 silly gunzTarPerm extractEntry support/o3/modules/xml/test/test28.xml
947 silly gunzTarPerm modified mode [ 'support/o3/modules/xml/test/test28.xml', 420, 436 ]
948 silly gunzTarPerm extractEntry support/o3/modules/xml/cXmlAttr.h
949 silly gunzTarPerm modified mode [ 'support/o3/modules/xml/cXmlAttr.h', 420, 436 ]
950 silly gunzTarPerm extractEntry support/o3/modules/xml/xml.h
951 silly gunzTarPerm modified mode [ 'support/o3/modules/xml/xml.h', 420, 436 ]
952 silly gunzTarPerm extractEntry support/o3/modules/xml/cXmlDocument.h
953 silly gunzTarPerm modified mode [ 'support/o3/modules/xml/cXmlDocument.h', 420, 436 ]
954 silly gunzTarPerm extractEntry support/o3/modules/xml/cXmlNodeList.h
955 silly gunzTarPerm modified mode [ 'support/o3/modules/xml/cXmlNodeList.h', 420, 436 ]
956 silly gunzTarPerm extractEntry support/o3/hosts/node-o3/sh_node_libs.cc
957 silly gunzTarPerm modified mode [ 'support/o3/hosts/node-o3/sh_node_libs.cc', 420, 436 ]
958 silly gunzTarPerm extractEntry support/o3/hosts/node-o3/sh_node.cc
959 silly gunzTarPerm modified mode [ 'support/o3/hosts/node-o3/sh_node.cc', 420, 436 ]
960 silly gunzTarPerm extractEntry support/o3/tools/logserver.js
961 silly gunzTarPerm modified mode [ 'support/o3/tools/logserver.js', 420, 436 ]
962 silly gunzTarPerm extractEntry support/o3/tools/gluegen.js
963 silly gunzTarPerm modified mode [ 'support/o3/tools/gluegen.js', 420, 436 ]
964 silly gunzTarPerm extractEntry support/o3/tools/create_manifest.js
965 silly gunzTarPerm modified mode [ 'support/o3/tools/create_manifest.js', 420, 436 ]
966 silly gunzTarPerm extractEntry support/o3/tools/plugin_osx_export
967 silly gunzTarPerm modified mode [ 'support/o3/tools/plugin_osx_export', 493, 509 ]
968 silly gunzTarPerm extractEntry support/o3/tools/plugin_win32_build
969 silly gunzTarPerm modified mode [ 'support/o3/tools/plugin_win32_build', 420, 436 ]
970 silly gunzTarPerm extractEntry support/o3/tools/plugin_win32_export
971 silly gunzTarPerm modified mode [ 'support/o3/tools/plugin_win32_export', 420, 436 ]
972 silly gunzTarPerm extractEntry support/o3/tools/plugin_osx_build
973 silly gunzTarPerm modified mode [ 'support/o3/tools/plugin_osx_build', 493, 509 ]
974 silly gunzTarPerm extractEntry support/o3/tools/node_module_export
975 silly gunzTarPerm modified mode [ 'support/o3/tools/node_module_export', 493, 509 ]
976 silly gunzTarPerm extractEntry support/o3/tools/node_modules_build
977 silly gunzTarPerm modified mode [ 'support/o3/tools/node_modules_build', 493, 509 ]
978 silly gunzTarPerm extractEntry example/example.js
979 silly gunzTarPerm modified mode [ 'example/example.js', 420, 436 ]
980 silly gunzTarPerm extractEntry lib/libxml/index.js
981 silly gunzTarPerm modified mode [ 'lib/libxml/index.js', 420, 436 ]
982 silly gunzTarPerm extractEntry .travis.yml
983 silly gunzTarPerm modified mode [ '.travis.yml', 420, 436 ]
984 silly gunzTarPerm extractEntry .gitmodules
985 silly gunzTarPerm modified mode [ '.gitmodules', 420, 436 ]
986 silly gentlyRm /home/aberlanas/GitHub/senia-cdd-bionic/node-users-engine/node_modules/.staging/libxml-2eb8ca10/node_modules is being purged
987 verbose gentlyRm don't care about contents; nuking /home/aberlanas/GitHub/senia-cdd-bionic/node-users-engine/node_modules/.staging/libxml-2eb8ca10/node_modules
988 silly doParallel preinstall 1
989 silly preinstall libxml@0.0.7 /home/aberlanas/GitHub/senia-cdd-bionic/node-users-engine/node_modules/.staging/libxml-2eb8ca10
990 info lifecycle libxml@0.0.7~preinstall: libxml@0.0.7
991 verbose lifecycle libxml@0.0.7~preinstall: unsafe-perm in lifecycle true
992 verbose lifecycle libxml@0.0.7~preinstall: PATH: /usr/share/npm/bin/node-gyp-bin:/home/aberlanas/GitHub/senia-cdd-bionic/node-users-engine/node_modules/.staging/libxml-2eb8ca10/node_modules/.bin:/home/aberlanas/GitHub/senia-cdd-bionic/node-users-engine/node_modules/.bin:/home/aberlanas/bin:/usr/local/sbin:/usr/local/bin:/usr/sbin:/usr/bin:/sbin:/bin:/usr/games:/usr/local/games:/snap/bin:/home/aberlanas/.vimpkg/bin
993 verbose lifecycle libxml@0.0.7~preinstall: CWD: /home/aberlanas/GitHub/senia-cdd-bionic/node-users-engine/node_modules/.staging/libxml-2eb8ca10
994 silly lifecycle libxml@0.0.7~preinstall: Args: [ '-c', './build.sh' ]
995 silly lifecycle libxml@0.0.7~preinstall: Returned: code: 1  signal: null
996 info lifecycle libxml@0.0.7~preinstall: Failed to exec preinstall script
997 verbose unlock done using /home/aberlanas/.npm/_locks/staging-46541414e0caa76e.lock for /home/aberlanas/GitHub/senia-cdd-bionic/node-users-engine/node_modules/.staging
998 silly rollbackFailedOptional Starting
999 silly rollbackFailedOptional Finishing
1000 silly runTopLevelLifecycles Starting
1001 silly runTopLevelLifecycles Finishing
1002 silly install printInstalled
1003 warn engine-users@1.0.0 No repository field.
1004 verbose stack Error: libxml@0.0.7 preinstall: `./build.sh`
1004 verbose stack Exit status 1
1004 verbose stack     at EventEmitter.<anonymous> (/usr/share/npm/lib/utils/lifecycle.js:232:16)
1004 verbose stack     at emitTwo (events.js:126:13)
1004 verbose stack     at EventEmitter.emit (events.js:214:7)
1004 verbose stack     at ChildProcess.<anonymous> (/usr/share/npm/lib/utils/spawn.js:24:14)
1004 verbose stack     at emitTwo (events.js:126:13)
1004 verbose stack     at ChildProcess.emit (events.js:214:7)
1004 verbose stack     at maybeClose (internal/child_process.js:925:16)
1004 verbose stack     at Process.ChildProcess._handle.onexit (internal/child_process.js:209:5)
1005 verbose pkgid libxml@0.0.7
1006 verbose cwd /home/aberlanas/GitHub/senia-cdd-bionic/node-users-engine
1007 error Linux 4.15.0-23-generic
1008 error argv "/usr/bin/node" "/usr/bin/npm" "i" "--save" "libxml"
1009 error node v8.10.0
1010 error npm  v3.5.2
1011 error code ELIFECYCLE
1012 error libxml@0.0.7 preinstall: `./build.sh`
1012 error Exit status 1
1013 error Failed at the libxml@0.0.7 preinstall script './build.sh'.
1013 error Make sure you have the latest version of node.js and npm installed.
1013 error If you do, this is most likely a problem with the libxml package,
1013 error not with npm itself.
1013 error Tell the author that this fails on your system:
1013 error     ./build.sh
1013 error You can get information on how to open an issue for this project with:
1013 error     npm bugs libxml
1013 error Or if that isn't available, you can get their info via:
1013 error     npm owner ls libxml
1013 error There is likely additional logging output above.
1014 verbose exit [ 1, true ]
